2024-07-02 03:22:46.768 eclipse[23762:3857793] WARNING: Secure coding is not enabled for restorable state! Enable secure coding by implementing NSApplicationDelegate.applicationSupportsSecureRestorableState: and returning YES.
WARNING: Using incubator modules: jdk.incubator.vector
Jul 02, 2024 3:22:47 AM org.apache.aries.spifly.BaseActivator log
INFO: Registered provider ch.qos.logback.classic.spi.LogbackServiceProvider of service org.slf4j.spi.SLF4JServiceProvider in bundle ch.qos.logback.classic
03:22:48.744 [Start Level: Equinox Container: 8d59d1f7-c2cb-4f29-9b01-6d23c83bb6b5] DEBUG org.eclipse.jgit.internal.util.ShutdownHook -- register org.eclipse.jgit.util.FS$FileStoreAttributes$$Lambda/0x000000fe011a78f0@3642b34d with shutdown hook
03:22:48.744 [Start Level: Equinox Container: 8d59d1f7-c2cb-4f29-9b01-6d23c83bb6b5] DEBUG org.eclipse.jgit.internal.util.ShutdownHook -- register org.eclipse.jgit.util.FS$FileStoreAttributes$$Lambda/0x000000fe011a78f0@3642b34d with shutdown hook
Jul 02, 2024 3:22:48 AM org.apache.aries.spifly.BaseActivator log
INFO: Registered provider com.sun.tools.rngdatatype.helpers.ProxyDatatypeLibraryFactory of service com.sun.tools.rngdatatype.DatatypeLibraryFactory in bundle com.sun.xml.bind.jaxb-osgi
Jul 02, 2024 3:22:48 AM org.apache.aries.spifly.BaseActivator log
INFO: Registered provider com.sun.tools.xjc.addon.code_injector.PluginImpl of service com.sun.tools.xjc.Plugin in bundle com.sun.xml.bind.jaxb-osgi
Jul 02, 2024 3:22:48 AM org.apache.aries.spifly.BaseActivator log
INFO: Registered provider com.sun.tools.xjc.addon.locator.SourceLocationAddOn of service com.sun.tools.xjc.Plugin in bundle com.sun.xml.bind.jaxb-osgi
Jul 02, 2024 3:22:48 AM org.apache.aries.spifly.BaseActivator log
INFO: Registered provider com.sun.tools.xjc.addon.sync.SynchronizedMethodAddOn of service com.sun.tools.xjc.Plugin in bundle com.sun.xml.bind.jaxb-osgi
Jul 02, 2024 3:22:48 AM org.apache.aries.spifly.BaseActivator log
INFO: Registered provider com.sun.tools.xjc.addon.at_generated.PluginImpl of service com.sun.tools.xjc.Plugin in bundle com.sun.xml.bind.jaxb-osgi
Jul 02, 2024 3:22:48 AM org.apache.aries.spifly.BaseActivator log
INFO: Registered provider com.sun.tools.xjc.addon.episode.PluginImpl of service com.sun.tools.xjc.Plugin in bundle com.sun.xml.bind.jaxb-osgi
Jul 02, 2024 3:22:48 AM org.apache.aries.spifly.BaseActivator log
INFO: Registered provider com.sun.tools.xjc.addon.accessors.PluginImpl of service com.sun.tools.xjc.Plugin in bundle com.sun.xml.bind.jaxb-osgi
Jul 02, 2024 3:22:48 AM org.apache.aries.spifly.BaseActivator log
INFO: Registered provider org.glassfish.jaxb.runtime.v2.JAXBContextFactory of service jakarta.xml.bind.JAXBContextFactory in bundle com.sun.xml.bind.jaxb-osgi


 ___                                                                        
(  _`\                      _                                               
| (_) ) _   _  _ __   ___  (_)  ___     __   _   _   _    _ _  _   _    __  
|  _ <'( ) ( )( '__)/' _ `\| |/' _ `\ /'_ `\( ) ( ) ( ) /'_` )( ) ( ) /'__`\
| (_) )| (_) || |   | ( ) || || ( ) |( (_) || \_/ \_/ |( (_| || \_/ |(  ___/
(____/'`\___/'(_)   (_) (_)(_)(_) (_)`\__  |`\___x___/'`\__,_)`\___/'`\____)
                                     ( )_) |                                
                                      \___/'                                


2024-07-02 03:23:05.636 [Java indexing] - org.burningwave.core.assembler.StaticComponentContainer - (StaticComponentContainer.java:354) - No custom properties found for file burningwave.static.properties
2024-07-02 03:23:05.638 [Java indexing] - org.burningwave.core.assembler.StaticComponentContainer - (StaticComponentContainer.java:356) - Instantiated org.burningwave.core.SimpleManagedLoggerRepository
2024-07-02 03:23:05.639 [Java indexing] - org.burningwave.core.assembler.StaticComponentContainer - (StaticComponentContainer.java:357) - 

	Configuration values for static components:

		background-executor.all-tasks-monitoring.enabled=\
			true
		background-executor.all-tasks-monitoring.interval=\
			30000
		background-executor.all-tasks-monitoring.logger.enabled=\
			false
		background-executor.all-tasks-monitoring.minimum-elapsed-time-to-consider-a-task-as-probable-dead-locked=\
			300000
		background-executor.all-tasks-monitoring.probable-dead-locked-tasks-handling.policy=\
			log only
		background-executor.queued-task-executor[0].name=\
			Low priority tasks
		background-executor.queued-task-executor[0].priority=\
			1
		background-executor.queued-task-executor[1].name=\
			Normal priority tasks
		background-executor.queued-task-executor[1].priority=\
			5
		background-executor.queued-task-executor[2].name=\
			High priority tasks
		background-executor.queued-task-executor[2].priority=\
			10
		background-executor.task-creation-tracking.enabled=\
			${background-executor.all-tasks-monitoring.enabled}
		banner.file=\
			org/burningwave/banner.bwb
		banner.hide=\
			false
		buffer-handler.default-allocation-mode=\
			ByteBuffer::allocateDirect
		buffer-handler.default-buffer-size=\
			1024
		group-name-for-named-elements=\
			Burningwave
		iterable-object-helper.default-values-separator=\
			;
		iterable-object-helper.parallel-iteration.applicability.default-minimum-collection-size=\
			2
		iterable-object-helper.parallel-iteration.applicability.max-runtime-thread-count-threshold=\
			autodetect
		iterable-object-helper.parallel-iteration.applicability.output-collection-enabled-types=\
			java.util.concurrent.ConcurrentHashMap$CollectionView;\
			java.util.Collections$SynchronizedCollection;\
			java.util.concurrent.CopyOnWriteArrayList;\
			java.util.concurrent.CopyOnWriteArraySet;\
			java.util.concurrent.BlockingQueue;\
			java.util.concurrent.ConcurrentSkipListSet;\
			java.util.concurrent.ConcurrentSkipListMap$EntrySet;\
			java.util.concurrent.ConcurrentSkipListMap$KeySet;\
			java.util.concurrent.ConcurrentSkipListMap$Values;
		jvm.driver.init=\
			false
		managed-logger.repository=\
			autodetect
		managed-logger.repository.enabled=\
			true
		managed-logger.repository.logging.warn.disabled-for=\
			org.burningwave.core.assembler.ComponentContainer$ClassLoader;\
			org.burningwave.core.classes.MemoryClassLoader;\
			org.burningwave.core.classes.PathScannerClassLoader;
		modules.export-all-to-all=\
			true
		resource-releaser.enabled=\
			true
		synchronizer.all-threads-monitoring.enabled=\
			false
		synchronizer.all-threads-monitoring.interval=\
			90000
		thread-supplier.default-daemon-flag-value=\
			true
		thread-supplier.default-thread-priority=\
			5
		thread-supplier.max-detached-thread-count=\
			${thread-supplier.max-poolable-thread-count}
		thread-supplier.max-detached-thread-count.elapsed-time-threshold-from-last-increase-for-gradual-decreasing-to-initial-value=\
			30000
		thread-supplier.max-detached-thread-count.increasing-step=\
			autodetect
		thread-supplier.max-poolable-thread-count=\
			autodetect
		thread-supplier.poolable-thread-request-timeout=\
			6000


2024-07-02 03:23:05.640 [Java indexing] - org.burningwave.core.jvm.BufferHandler - (BufferHandler.java:127) - default buffer size: 1024 bytes
2024-07-02 03:23:05.640 [Java indexing] - org.burningwave.core.jvm.BufferHandler - (BufferHandler.java:141) - default allocation mode: ByteBuffer::allocateDirect
2024-07-02 03:23:05.642 [Java indexing] - org.burningwave.core.Cache - (Cache.java:76) - Building cache
2024-07-02 03:23:05.650 [Java indexing] - org.burningwave.core.assembler.StaticComponentContainer - (StaticComponentContainer.java:432) - org.burningwave.core.assembler.StaticComponentContainer initialized in 0.062089417 seconds
jdk.internal.loader.ClassLoaders$PlatformClassLoader@11e63fbb instantiated
2024-07-02 15:47:16.992 eclipse[88522:5989866] WARNING: Secure coding is not enabled for restorable state! Enable secure coding by implementing NSApplicationDelegate.applicationSupportsSecureRestorableState: and returning YES.
WARNING: Using incubator modules: jdk.incubator.vector
Jul 02, 2024 3:47:18 PM org.apache.aries.spifly.BaseActivator log
INFO: Registered provider ch.qos.logback.classic.spi.LogbackServiceProvider of service org.slf4j.spi.SLF4JServiceProvider in bundle ch.qos.logback.classic
15:47:19.766 [Start Level: Equinox Container: 7999bf1f-95ec-41bc-9424-0fddb8ad77f5] DEBUG org.eclipse.jgit.internal.util.ShutdownHook -- register org.eclipse.jgit.util.FS$FileStoreAttributes$$Lambda/0x000001fe011a3230@3642b34d with shutdown hook
15:47:19.766 [Start Level: Equinox Container: 7999bf1f-95ec-41bc-9424-0fddb8ad77f5] DEBUG org.eclipse.jgit.internal.util.ShutdownHook -- register org.eclipse.jgit.util.FS$FileStoreAttributes$$Lambda/0x000001fe011a3230@3642b34d with shutdown hook
Jul 02, 2024 3:47:20 PM org.apache.aries.spifly.BaseActivator log
INFO: Registered provider com.sun.tools.rngdatatype.helpers.ProxyDatatypeLibraryFactory of service com.sun.tools.rngdatatype.DatatypeLibraryFactory in bundle com.sun.xml.bind.jaxb-osgi
Jul 02, 2024 3:47:20 PM org.apache.aries.spifly.BaseActivator log
INFO: Registered provider com.sun.tools.xjc.addon.code_injector.PluginImpl of service com.sun.tools.xjc.Plugin in bundle com.sun.xml.bind.jaxb-osgi
Jul 02, 2024 3:47:20 PM org.apache.aries.spifly.BaseActivator log
INFO: Registered provider com.sun.tools.xjc.addon.locator.SourceLocationAddOn of service com.sun.tools.xjc.Plugin in bundle com.sun.xml.bind.jaxb-osgi
Jul 02, 2024 3:47:20 PM org.apache.aries.spifly.BaseActivator log
INFO: Registered provider com.sun.tools.xjc.addon.sync.SynchronizedMethodAddOn of service com.sun.tools.xjc.Plugin in bundle com.sun.xml.bind.jaxb-osgi
Jul 02, 2024 3:47:20 PM org.apache.aries.spifly.BaseActivator log
INFO: Registered provider com.sun.tools.xjc.addon.at_generated.PluginImpl of service com.sun.tools.xjc.Plugin in bundle com.sun.xml.bind.jaxb-osgi
Jul 02, 2024 3:47:20 PM org.apache.aries.spifly.BaseActivator log
INFO: Registered provider com.sun.tools.xjc.addon.episode.PluginImpl of service com.sun.tools.xjc.Plugin in bundle com.sun.xml.bind.jaxb-osgi
Jul 02, 2024 3:47:20 PM org.apache.aries.spifly.BaseActivator log
INFO: Registered provider com.sun.tools.xjc.addon.accessors.PluginImpl of service com.sun.tools.xjc.Plugin in bundle com.sun.xml.bind.jaxb-osgi
Jul 02, 2024 3:47:20 PM org.apache.aries.spifly.BaseActivator log
INFO: Registered provider org.glassfish.jaxb.runtime.v2.JAXBContextFactory of service jakarta.xml.bind.JAXBContextFactory in bundle com.sun.xml.bind.jaxb-osgi
18:56:03.125 [ForkJoinPool-1-worker-1] DEBUG org.eclipse.jgit.internal.util.ShutdownHook -- Cleanup org.eclipse.jgit.util.FS$FileStoreAttributes$$Lambda/0x000001fe011a3230@3642b34d during JVM shutdown
18:56:03.125 [ForkJoinPool-1-worker-1] DEBUG org.eclipse.jgit.internal.util.ShutdownHook -- Cleanup org.eclipse.jgit.util.FS$FileStoreAttributes$$Lambda/0x000001fe011a3230@3642b34d during JVM shutdown
2024-08-13 00:44:38.907 eclipse[94751:12515350] WARNING: Secure coding is not enabled for restorable state! Enable secure coding by implementing NSApplicationDelegate.applicationSupportsSecureRestorableState: and returning YES.
WARNING: Using incubator modules: jdk.incubator.vector
Aug 13, 2024 12:44:39 AM org.apache.aries.spifly.BaseActivator log
INFO: Registered provider ch.qos.logback.classic.spi.LogbackServiceProvider of service org.slf4j.spi.SLF4JServiceProvider in bundle ch.qos.logback.classic
00:44:40.691 [Start Level: Equinox Container: 2aba9b0a-266f-4fc5-aec3-2a1b8f02c090] DEBUG org.eclipse.jgit.internal.util.ShutdownHook -- register org.eclipse.jgit.util.FS$FileStoreAttributes$$Lambda/0x000001ff011a38f0@2424edaa with shutdown hook
00:44:40.691 [Start Level: Equinox Container: 2aba9b0a-266f-4fc5-aec3-2a1b8f02c090] DEBUG org.eclipse.jgit.internal.util.ShutdownHook -- register org.eclipse.jgit.util.FS$FileStoreAttributes$$Lambda/0x000001ff011a38f0@2424edaa with shutdown hook
Aug 13, 2024 12:44:40 AM org.apache.aries.spifly.BaseActivator log
INFO: Registered provider com.sun.tools.rngdatatype.helpers.ProxyDatatypeLibraryFactory of service com.sun.tools.rngdatatype.DatatypeLibraryFactory in bundle com.sun.xml.bind.jaxb-osgi
Aug 13, 2024 12:44:40 AM org.apache.aries.spifly.BaseActivator log
INFO: Registered provider com.sun.tools.xjc.addon.code_injector.PluginImpl of service com.sun.tools.xjc.Plugin in bundle com.sun.xml.bind.jaxb-osgi
Aug 13, 2024 12:44:40 AM org.apache.aries.spifly.BaseActivator log
INFO: Registered provider com.sun.tools.xjc.addon.locator.SourceLocationAddOn of service com.sun.tools.xjc.Plugin in bundle com.sun.xml.bind.jaxb-osgi
Aug 13, 2024 12:44:40 AM org.apache.aries.spifly.BaseActivator log
INFO: Registered provider com.sun.tools.xjc.addon.sync.SynchronizedMethodAddOn of service com.sun.tools.xjc.Plugin in bundle com.sun.xml.bind.jaxb-osgi
Aug 13, 2024 12:44:40 AM org.apache.aries.spifly.BaseActivator log
INFO: Registered provider com.sun.tools.xjc.addon.at_generated.PluginImpl of service com.sun.tools.xjc.Plugin in bundle com.sun.xml.bind.jaxb-osgi
Aug 13, 2024 12:44:40 AM org.apache.aries.spifly.BaseActivator log
INFO: Registered provider com.sun.tools.xjc.addon.episode.PluginImpl of service com.sun.tools.xjc.Plugin in bundle com.sun.xml.bind.jaxb-osgi
Aug 13, 2024 12:44:40 AM org.apache.aries.spifly.BaseActivator log
INFO: Registered provider com.sun.tools.xjc.addon.accessors.PluginImpl of service com.sun.tools.xjc.Plugin in bundle com.sun.xml.bind.jaxb-osgi
Aug 13, 2024 12:44:40 AM org.apache.aries.spifly.BaseActivator log
INFO: Registered provider org.glassfish.jaxb.runtime.v2.JAXBContextFactory of service jakarta.xml.bind.JAXBContextFactory in bundle com.sun.xml.bind.jaxb-osgi
2024-08-13 00:44:42.783 eclipse[94781:12515549] WARNING: Secure coding is not enabled for restorable state! Enable secure coding by implementing NSApplicationDelegate.applicationSupportsSecureRestorableState: and returning YES.
WARNING: Using incubator modules: jdk.incubator.vector
Aug 13, 2024 12:44:43 AM org.apache.aries.spifly.BaseActivator log
INFO: Registered provider ch.qos.logback.classic.spi.LogbackServiceProvider of service org.slf4j.spi.SLF4JServiceProvider in bundle ch.qos.logback.classic
00:44:44.550 [Start Level: Equinox Container: 870ac440-51fb-4700-aa6a-b39f5271941d] DEBUG org.eclipse.jgit.internal.util.ShutdownHook -- register org.eclipse.jgit.util.FS$FileStoreAttributes$$Lambda/0x00007c00011a23e8@4cb34e32 with shutdown hook
00:44:44.550 [Start Level: Equinox Container: 870ac440-51fb-4700-aa6a-b39f5271941d] DEBUG org.eclipse.jgit.internal.util.ShutdownHook -- register org.eclipse.jgit.util.FS$FileStoreAttributes$$Lambda/0x00007c00011a23e8@4cb34e32 with shutdown hook
Aug 13, 2024 12:44:44 AM org.apache.aries.spifly.BaseActivator log
INFO: Registered provider com.sun.tools.rngdatatype.helpers.ProxyDatatypeLibraryFactory of service com.sun.tools.rngdatatype.DatatypeLibraryFactory in bundle com.sun.xml.bind.jaxb-osgi
Aug 13, 2024 12:44:44 AM org.apache.aries.spifly.BaseActivator log
INFO: Registered provider com.sun.tools.xjc.addon.code_injector.PluginImpl of service com.sun.tools.xjc.Plugin in bundle com.sun.xml.bind.jaxb-osgi
Aug 13, 2024 12:44:44 AM org.apache.aries.spifly.BaseActivator log
INFO: Registered provider com.sun.tools.xjc.addon.locator.SourceLocationAddOn of service com.sun.tools.xjc.Plugin in bundle com.sun.xml.bind.jaxb-osgi
Aug 13, 2024 12:44:44 AM org.apache.aries.spifly.BaseActivator log
INFO: Registered provider com.sun.tools.xjc.addon.sync.SynchronizedMethodAddOn of service com.sun.tools.xjc.Plugin in bundle com.sun.xml.bind.jaxb-osgi
Aug 13, 2024 12:44:44 AM org.apache.aries.spifly.BaseActivator log
INFO: Registered provider com.sun.tools.xjc.addon.at_generated.PluginImpl of service com.sun.tools.xjc.Plugin in bundle com.sun.xml.bind.jaxb-osgi
Aug 13, 2024 12:44:44 AM org.apache.aries.spifly.BaseActivator log
INFO: Registered provider com.sun.tools.xjc.addon.episode.PluginImpl of service com.sun.tools.xjc.Plugin in bundle com.sun.xml.bind.jaxb-osgi
Aug 13, 2024 12:44:44 AM org.apache.aries.spifly.BaseActivator log
INFO: Registered provider com.sun.tools.xjc.addon.accessors.PluginImpl of service com.sun.tools.xjc.Plugin in bundle com.sun.xml.bind.jaxb-osgi
Aug 13, 2024 12:44:44 AM org.apache.aries.spifly.BaseActivator log
INFO: Registered provider org.glassfish.jaxb.runtime.v2.JAXBContextFactory of service jakarta.xml.bind.JAXBContextFactory in bundle com.sun.xml.bind.jaxb-osgi
03:20:50.873 [ForkJoinPool-1-worker-1] DEBUG org.eclipse.jgit.internal.util.ShutdownHook -- Cleanup org.eclipse.jgit.util.FS$FileStoreAttributes$$Lambda/0x00007c00011a23e8@4cb34e32 during JVM shutdown
03:20:50.873 [ForkJoinPool-1-worker-1] DEBUG org.eclipse.jgit.internal.util.ShutdownHook -- Cleanup org.eclipse.jgit.util.FS$FileStoreAttributes$$Lambda/0x00007c00011a23e8@4cb34e32 during JVM shutdown


  ____                           _                                                   
 |  _ \                         (_)                                                  
 | |_) |  _   _   _ __   _ __    _   _ __     __ _  __      __   __ _  __   __   ___ 
 |  _ <  | | | | | '__| | '_ \  | | | '_ \   / _` | \ \ /\ / /  / _` | \ \ / /  / _ \
 | |_) | | |_| | | |    | | | | | | | | | | | (_| |  \ V  V /  | (_| |  \ V /  |  __/
 |____/   \__,_| |_|    |_| |_| |_| |_| |_|  \__, |   \_/\_/    \__,_|   \_/    \___|
                                              __/ |                                  
                                             |___/                                   


2024-08-13 03:44:41.715 [main] - org.burningwave.core.assembler.StaticComponentContainer - (StaticComponentContainer.java:354) - No custom properties found for file burningwave.static.properties
2024-08-13 03:44:41.716 [main] - org.burningwave.core.assembler.StaticComponentContainer - (StaticComponentContainer.java:356) - Instantiated org.burningwave.core.SimpleManagedLoggerRepository
2024-08-13 03:44:41.717 [main] - org.burningwave.core.assembler.StaticComponentContainer - (StaticComponentContainer.java:357) - 

	Configuration values for static components:

		background-executor.all-tasks-monitoring.enabled=\
			true
		background-executor.all-tasks-monitoring.interval=\
			30000
		background-executor.all-tasks-monitoring.logger.enabled=\
			false
		background-executor.all-tasks-monitoring.minimum-elapsed-time-to-consider-a-task-as-probable-dead-locked=\
			300000
		background-executor.all-tasks-monitoring.probable-dead-locked-tasks-handling.policy=\
			log only
		background-executor.queued-task-executor[0].name=\
			Low priority tasks
		background-executor.queued-task-executor[0].priority=\
			1
		background-executor.queued-task-executor[1].name=\
			Normal priority tasks
		background-executor.queued-task-executor[1].priority=\
			5
		background-executor.queued-task-executor[2].name=\
			High priority tasks
		background-executor.queued-task-executor[2].priority=\
			10
		background-executor.task-creation-tracking.enabled=\
			${background-executor.all-tasks-monitoring.enabled}
		banner.file=\
			org/burningwave/banner.bwb
		banner.hide=\
			false
		buffer-handler.default-allocation-mode=\
			ByteBuffer::allocateDirect
		buffer-handler.default-buffer-size=\
			1024
		group-name-for-named-elements=\
			Burningwave
		iterable-object-helper.default-values-separator=\
			;
		iterable-object-helper.parallel-iteration.applicability.default-minimum-collection-size=\
			2
		iterable-object-helper.parallel-iteration.applicability.max-runtime-thread-count-threshold=\
			autodetect
		iterable-object-helper.parallel-iteration.applicability.output-collection-enabled-types=\
			java.util.concurrent.ConcurrentHashMap$CollectionView;\
			java.util.Collections$SynchronizedCollection;\
			java.util.concurrent.CopyOnWriteArrayList;\
			java.util.concurrent.CopyOnWriteArraySet;\
			java.util.concurrent.BlockingQueue;\
			java.util.concurrent.ConcurrentSkipListSet;\
			java.util.concurrent.ConcurrentSkipListMap$EntrySet;\
			java.util.concurrent.ConcurrentSkipListMap$KeySet;\
			java.util.concurrent.ConcurrentSkipListMap$Values;
		jvm.driver.init=\
			false
		managed-logger.repository=\
			autodetect
		managed-logger.repository.enabled=\
			true
		managed-logger.repository.logging.warn.disabled-for=\
			org.burningwave.core.assembler.ComponentContainer$ClassLoader;\
			org.burningwave.core.classes.MemoryClassLoader;\
			org.burningwave.core.classes.PathScannerClassLoader;
		modules.export-all-to-all=\
			true
		resource-releaser.enabled=\
			true
		synchronizer.all-threads-monitoring.enabled=\
			false
		synchronizer.all-threads-monitoring.interval=\
			90000
		thread-supplier.default-daemon-flag-value=\
			true
		thread-supplier.default-thread-priority=\
			5
		thread-supplier.max-detached-thread-count=\
			${thread-supplier.max-poolable-thread-count}
		thread-supplier.max-detached-thread-count.elapsed-time-threshold-from-last-increase-for-gradual-decreasing-to-initial-value=\
			30000
		thread-supplier.max-detached-thread-count.increasing-step=\
			autodetect
		thread-supplier.max-poolable-thread-count=\
			autodetect
		thread-supplier.poolable-thread-request-timeout=\
			6000


2024-08-13 03:44:41.718 [main] - org.burningwave.core.jvm.BufferHandler - (BufferHandler.java:127) - default buffer size: 1024 bytes
2024-08-13 03:44:41.718 [main] - org.burningwave.core.jvm.BufferHandler - (BufferHandler.java:141) - default allocation mode: ByteBuffer::allocateDirect
2024-08-13 03:44:41.720 [main] - org.burningwave.core.Cache - (Cache.java:76) - Building cache
2024-08-13 03:44:41.730 [main] - org.burningwave.core.assembler.StaticComponentContainer - (StaticComponentContainer.java:432) - org.burningwave.core.assembler.StaticComponentContainer initialized in 0.057453125 seconds
jdk.internal.loader.ClassLoaders$PlatformClassLoader@4a3b0387 instantiated
2024-08-13 03:52:26.815 eclipse[71067:12855110] WARNING: Secure coding is not enabled for restorable state! Enable secure coding by implementing NSApplicationDelegate.applicationSupportsSecureRestorableState: and returning YES.
WARNING: Using incubator modules: jdk.incubator.vector
Aug 13, 2024 3:52:27 AM org.apache.aries.spifly.BaseActivator log
INFO: Registered provider ch.qos.logback.classic.spi.LogbackServiceProvider of service org.slf4j.spi.SLF4JServiceProvider in bundle ch.qos.logback.classic
03:52:29.232 [Start Level: Equinox Container: 2616810a-420f-4dbe-a6a8-edbaaf8048e5] DEBUG org.eclipse.jgit.internal.util.ShutdownHook -- register org.eclipse.jgit.util.FS$FileStoreAttributes$$Lambda/0x00001f80011a3230@7f49edb2 with shutdown hook
03:52:29.232 [Start Level: Equinox Container: 2616810a-420f-4dbe-a6a8-edbaaf8048e5] DEBUG org.eclipse.jgit.internal.util.ShutdownHook -- register org.eclipse.jgit.util.FS$FileStoreAttributes$$Lambda/0x00001f80011a3230@7f49edb2 with shutdown hook
Aug 13, 2024 3:52:29 AM org.apache.aries.spifly.BaseActivator log
INFO: Registered provider com.sun.tools.rngdatatype.helpers.ProxyDatatypeLibraryFactory of service com.sun.tools.rngdatatype.DatatypeLibraryFactory in bundle com.sun.xml.bind.jaxb-osgi
Aug 13, 2024 3:52:29 AM org.apache.aries.spifly.BaseActivator log
INFO: Registered provider com.sun.tools.xjc.addon.code_injector.PluginImpl of service com.sun.tools.xjc.Plugin in bundle com.sun.xml.bind.jaxb-osgi
Aug 13, 2024 3:52:29 AM org.apache.aries.spifly.BaseActivator log
INFO: Registered provider com.sun.tools.xjc.addon.locator.SourceLocationAddOn of service com.sun.tools.xjc.Plugin in bundle com.sun.xml.bind.jaxb-osgi
Aug 13, 2024 3:52:29 AM org.apache.aries.spifly.BaseActivator log
INFO: Registered provider com.sun.tools.xjc.addon.sync.SynchronizedMethodAddOn of service com.sun.tools.xjc.Plugin in bundle com.sun.xml.bind.jaxb-osgi
Aug 13, 2024 3:52:29 AM org.apache.aries.spifly.BaseActivator log
INFO: Registered provider com.sun.tools.xjc.addon.at_generated.PluginImpl of service com.sun.tools.xjc.Plugin in bundle com.sun.xml.bind.jaxb-osgi
Aug 13, 2024 3:52:29 AM org.apache.aries.spifly.BaseActivator log
INFO: Registered provider com.sun.tools.xjc.addon.episode.PluginImpl of service com.sun.tools.xjc.Plugin in bundle com.sun.xml.bind.jaxb-osgi
Aug 13, 2024 3:52:29 AM org.apache.aries.spifly.BaseActivator log
INFO: Registered provider com.sun.tools.xjc.addon.accessors.PluginImpl of service com.sun.tools.xjc.Plugin in bundle com.sun.xml.bind.jaxb-osgi
Aug 13, 2024 3:52:29 AM org.apache.aries.spifly.BaseActivator log
INFO: Registered provider org.glassfish.jaxb.runtime.v2.JAXBContextFactory of service jakarta.xml.bind.JAXBContextFactory in bundle com.sun.xml.bind.jaxb-osgi
03:52:30.408 [main] DEBUG org.eclipse.m2e.core.internal.project.registry.ProjectRegistryRefreshJob -- Queued refresh request: []
03:52:30.408 [main] DEBUG org.eclipse.m2e.core.internal.project.registry.ProjectRegistryRefreshJob -- Queued refresh request: []
2024-08-13 03:52:33.905 eclipse[71067:12855110] *** WARNING: Method convertPointToBase: in class NSView is deprecated on 10.7 and later. It should not be used in new applications. 

__________                            .__              ____                                       
\______   \  __ __  _______    ____   |__|   ____     / ___\  __  _  __ _____    ___  __   ____   
 |    |  _/ |  |  \ \_  __ \  /    \  |  |  /    \   / /_/  > \ \/ \/ / \__  \   \  \/ / _/ __ \  
 |    |   \ |  |  /  |  | \/ |   |  \ |  | |   |  \  \___  /   \     /   / __ \_  \   /  \  ___/  
 |______  / |____/   |__|    |___|  / |__| |___|  / /_____/     \/\_/   (____  /   \_/    \___  > 
        \/                        \/            \/                           \/               \/  


2024-08-13 03:57:05.885 [Compiler Source File Reader] - org.burningwave.core.assembler.StaticComponentContainer - (StaticComponentContainer.java:354) - No custom properties found for file burningwave.static.properties
2024-08-13 03:57:05.886 [Compiler Source File Reader] - org.burningwave.core.assembler.StaticComponentContainer - (StaticComponentContainer.java:356) - Instantiated org.burningwave.core.SimpleManagedLoggerRepository
2024-08-13 03:57:05.887 [Compiler Source File Reader] - org.burningwave.core.assembler.StaticComponentContainer - (StaticComponentContainer.java:357) - 

	Configuration values for static components:

		background-executor.all-tasks-monitoring.enabled=\
			true
		background-executor.all-tasks-monitoring.interval=\
			30000
		background-executor.all-tasks-monitoring.logger.enabled=\
			false
		background-executor.all-tasks-monitoring.minimum-elapsed-time-to-consider-a-task-as-probable-dead-locked=\
			300000
		background-executor.all-tasks-monitoring.probable-dead-locked-tasks-handling.policy=\
			log only
		background-executor.queued-task-executor[0].name=\
			Low priority tasks
		background-executor.queued-task-executor[0].priority=\
			1
		background-executor.queued-task-executor[1].name=\
			Normal priority tasks
		background-executor.queued-task-executor[1].priority=\
			5
		background-executor.queued-task-executor[2].name=\
			High priority tasks
		background-executor.queued-task-executor[2].priority=\
			10
		background-executor.task-creation-tracking.enabled=\
			${background-executor.all-tasks-monitoring.enabled}
		banner.file=\
			org/burningwave/banner.bwb
		banner.hide=\
			false
		buffer-handler.default-allocation-mode=\
			ByteBuffer::allocateDirect
		buffer-handler.default-buffer-size=\
			1024
		group-name-for-named-elements=\
			Burningwave
		iterable-object-helper.default-values-separator=\
			;
		iterable-object-helper.parallel-iteration.applicability.default-minimum-collection-size=\
			2
		iterable-object-helper.parallel-iteration.applicability.max-runtime-thread-count-threshold=\
			autodetect
		iterable-object-helper.parallel-iteration.applicability.output-collection-enabled-types=\
			java.util.concurrent.ConcurrentHashMap$CollectionView;\
			java.util.Collections$SynchronizedCollection;\
			java.util.concurrent.CopyOnWriteArrayList;\
			java.util.concurrent.CopyOnWriteArraySet;\
			java.util.concurrent.BlockingQueue;\
			java.util.concurrent.ConcurrentSkipListSet;\
			java.util.concurrent.ConcurrentSkipListMap$EntrySet;\
			java.util.concurrent.ConcurrentSkipListMap$KeySet;\
			java.util.concurrent.ConcurrentSkipListMap$Values;
		jvm.driver.init=\
			false
		managed-logger.repository=\
			autodetect
		managed-logger.repository.enabled=\
			true
		managed-logger.repository.logging.warn.disabled-for=\
			org.burningwave.core.assembler.ComponentContainer$ClassLoader;\
			org.burningwave.core.classes.MemoryClassLoader;\
			org.burningwave.core.classes.PathScannerClassLoader;
		modules.export-all-to-all=\
			true
		resource-releaser.enabled=\
			true
		synchronizer.all-threads-monitoring.enabled=\
			false
		synchronizer.all-threads-monitoring.interval=\
			90000
		thread-supplier.default-daemon-flag-value=\
			true
		thread-supplier.default-thread-priority=\
			5
		thread-supplier.max-detached-thread-count=\
			${thread-supplier.max-poolable-thread-count}
		thread-supplier.max-detached-thread-count.elapsed-time-threshold-from-last-increase-for-gradual-decreasing-to-initial-value=\
			30000
		thread-supplier.max-detached-thread-count.increasing-step=\
			autodetect
		thread-supplier.max-poolable-thread-count=\
			autodetect
		thread-supplier.poolable-thread-request-timeout=\
			6000


2024-08-13 03:57:05.891 [Compiler Source File Reader] - org.burningwave.core.jvm.BufferHandler - (BufferHandler.java:127) - default buffer size: 1024 bytes
2024-08-13 03:57:05.891 [Compiler Source File Reader] - org.burningwave.core.jvm.BufferHandler - (BufferHandler.java:141) - default allocation mode: ByteBuffer::allocateDirect
2024-08-13 03:57:05.893 [Compiler Source File Reader] - org.burningwave.core.Cache - (Cache.java:76) - Building cache
2024-08-13 03:57:05.906 [Compiler Source File Reader] - org.burningwave.core.assembler.StaticComponentContainer - (StaticComponentContainer.java:432) - org.burningwave.core.assembler.StaticComponentContainer initialized in 0.073841833 seconds
jdk.internal.loader.ClassLoaders$PlatformClassLoader@756329bc instantiated
Aug 13, 2024 4:11:07 AM org.eclipse.tm4e.core.registry.Registry _doLoadSingleGrammar
WARNING: No grammar source for scope [source.java]
Aug 13, 2024 4:11:07 AM org.eclipse.tm4e.core.internal.rule.RuleFactory _compilePatterns
WARNING: CANNOT find grammar for scopeName [source.java]. I am [source.xml@org.eclipse.wildwebdeveloper.xml]
Aug 13, 2024 4:11:07 AM org.eclipse.tm4e.core.internal.rule.RuleFactory _compilePatterns
WARNING: REMOVING BeginEndRule{id=79,name=source.java.embedded.xml} ENTIRELY DUE TO EMPTY PATTERNS THAT ARE MISSING
DDDD
java.util.concurrent.ExecutionException: org.eclipse.lsp4j.jsonrpc.ResponseErrorException: Internal error.
	at java.base/java.util.concurrent.CompletableFuture.reportGet(CompletableFuture.java:396)
	at java.base/java.util.concurrent.CompletableFuture.get(CompletableFuture.java:2096)
	at org.springframework.tooling.boot.ls.commands.LiveProcessCommandsQuickAccessProvider.computeElements(LiveProcessCommandsQuickAccessProvider.java:72)
	at org.eclipse.ui.internal.quickaccess.QuickAccessExtensionManager$QuickAccessProviderExtensionProxy.lambda$2(QuickAccessExtensionManager.java:153)
	at org.eclipse.core.runtime.SafeRunner.run(SafeRunner.java:75)
	at org.eclipse.ui.internal.quickaccess.QuickAccessExtensionManager$QuickAccessProviderExtensionProxy.getElements(QuickAccessExtensionManager.java:152)
	at org.eclipse.ui.internal.quickaccess.QuickAccessProvider.getElementsSorted(QuickAccessProvider.java:92)
	at org.eclipse.ui.internal.quickaccess.QuickAccessExtensionManager$QuickAccessProviderExtensionProxy.getElementsSorted(QuickAccessExtensionManager.java:132)
	at org.eclipse.ui.internal.quickaccess.QuickAccessContents.computeMatchingEntries(QuickAccessContents.java:409)
	at org.eclipse.ui.internal.quickaccess.QuickAccessContents.lambda$0(QuickAccessContents.java:164)
	at org.eclipse.core.runtime.jobs.Job$1.run(Job.java:166)
	at org.eclipse.core.internal.jobs.Worker.run(Worker.java:63)
Caused by: org.eclipse.lsp4j.jsonrpc.ResponseErrorException: Internal error.
	at org.eclipse.lsp4j.jsonrpc.RemoteEndpoint.handleResponse(RemoteEndpoint.java:220)
	at org.eclipse.lsp4j.jsonrpc.RemoteEndpoint.consume(RemoteEndpoint.java:204)
	at org.eclipse.lsp4e.LanguageServerWrapper.lambda$3(LanguageServerWrapper.java:310)
	at org.eclipse.lsp4j.jsonrpc.json.StreamMessageProducer.handleMessage(StreamMessageProducer.java:194)
	at org.eclipse.lsp4j.jsonrpc.json.StreamMessageProducer.listen(StreamMessageProducer.java:94)
	at org.eclipse.lsp4j.jsonrpc.json.ConcurrentMessageProcessor.run(ConcurrentMessageProcessor.java:113)
	at java.base/java.util.concurrent.Executors$RunnableAdapter.call(Executors.java:572)
	at java.base/java.util.concurrent.FutureTask.run(FutureTask.java:317)
	at java.base/java.util.concurrent.ThreadPoolExecutor.runWorker(ThreadPoolExecutor.java:1144)
	at java.base/java.util.concurrent.ThreadPoolExecutor$Worker.run(ThreadPoolExecutor.java:642)
	at java.base/java.lang.Thread.run(Thread.java:1570)
java.util.concurrent.ExecutionException: org.eclipse.lsp4j.jsonrpc.ResponseErrorException: Internal error.
	at java.base/java.util.concurrent.CompletableFuture.reportGet(CompletableFuture.java:396)
	at java.base/java.util.concurrent.CompletableFuture.get(CompletableFuture.java:2096)
	at org.springframework.tooling.boot.ls.commands.LiveProcessCommandsQuickAccessProvider.computeElements(LiveProcessCommandsQuickAccessProvider.java:72)
	at org.eclipse.ui.internal.quickaccess.QuickAccessExtensionManager$QuickAccessProviderExtensionProxy.lambda$2(QuickAccessExtensionManager.java:153)
	at org.eclipse.core.runtime.SafeRunner.run(SafeRunner.java:75)
	at org.eclipse.ui.internal.quickaccess.QuickAccessExtensionManager$QuickAccessProviderExtensionProxy.getElements(QuickAccessExtensionManager.java:152)
	at org.eclipse.ui.internal.quickaccess.QuickAccessProvider.getElementsSorted(QuickAccessProvider.java:92)
	at org.eclipse.ui.internal.quickaccess.QuickAccessExtensionManager$QuickAccessProviderExtensionProxy.getElementsSorted(QuickAccessExtensionManager.java:132)
	at org.eclipse.ui.internal.quickaccess.QuickAccessContents.computeMatchingEntries(QuickAccessContents.java:409)
	at org.eclipse.ui.internal.quickaccess.QuickAccessContents.lambda$0(QuickAccessContents.java:164)
	at org.eclipse.core.runtime.jobs.Job$1.run(Job.java:166)
	at org.eclipse.core.internal.jobs.Worker.run(Worker.java:63)
Caused by: org.eclipse.lsp4j.jsonrpc.ResponseErrorException: Internal error.
	at org.eclipse.lsp4j.jsonrpc.RemoteEndpoint.handleResponse(RemoteEndpoint.java:220)
	at org.eclipse.lsp4j.jsonrpc.RemoteEndpoint.consume(RemoteEndpoint.java:204)
	at org.eclipse.lsp4e.LanguageServerWrapper.lambda$3(LanguageServerWrapper.java:310)
	at org.eclipse.lsp4j.jsonrpc.json.StreamMessageProducer.handleMessage(StreamMessageProducer.java:194)
	at org.eclipse.lsp4j.jsonrpc.json.StreamMessageProducer.listen(StreamMessageProducer.java:94)
	at org.eclipse.lsp4j.jsonrpc.json.ConcurrentMessageProcessor.run(ConcurrentMessageProcessor.java:113)
	at java.base/java.util.concurrent.Executors$RunnableAdapter.call(Executors.java:572)
	at java.base/java.util.concurrent.FutureTask.run(FutureTask.java:317)
	at java.base/java.util.concurrent.ThreadPoolExecutor.runWorker(ThreadPoolExecutor.java:1144)
	at java.base/java.util.concurrent.ThreadPoolExecutor$Worker.run(ThreadPoolExecutor.java:642)
	at java.base/java.lang.Thread.run(Thread.java:1570)
java.util.concurrent.ExecutionException: org.eclipse.lsp4j.jsonrpc.ResponseErrorException: Internal error.
	at java.base/java.util.concurrent.CompletableFuture.reportGet(CompletableFuture.java:396)
	at java.base/java.util.concurrent.CompletableFuture.get(CompletableFuture.java:2096)
	at org.springframework.tooling.boot.ls.commands.LiveProcessCommandsQuickAccessProvider.computeElements(LiveProcessCommandsQuickAccessProvider.java:72)
	at org.eclipse.ui.internal.quickaccess.QuickAccessExtensionManager$QuickAccessProviderExtensionProxy.lambda$2(QuickAccessExtensionManager.java:153)
	at org.eclipse.core.runtime.SafeRunner.run(SafeRunner.java:75)
	at org.eclipse.ui.internal.quickaccess.QuickAccessExtensionManager$QuickAccessProviderExtensionProxy.getElements(QuickAccessExtensionManager.java:152)
	at org.eclipse.ui.internal.quickaccess.QuickAccessProvider.getElementsSorted(QuickAccessProvider.java:92)
	at org.eclipse.ui.internal.quickaccess.QuickAccessExtensionManager$QuickAccessProviderExtensionProxy.getElementsSorted(QuickAccessExtensionManager.java:132)
	at org.eclipse.ui.internal.quickaccess.QuickAccessContents.computeMatchingEntries(QuickAccessContents.java:409)
	at org.eclipse.ui.internal.quickaccess.QuickAccessContents.lambda$0(QuickAccessContents.java:164)
	at org.eclipse.core.runtime.jobs.Job$1.run(Job.java:166)
	at org.eclipse.core.internal.jobs.Worker.run(Worker.java:63)
Caused by: org.eclipse.lsp4j.jsonrpc.ResponseErrorException: Internal error.
	at org.eclipse.lsp4j.jsonrpc.RemoteEndpoint.handleResponse(RemoteEndpoint.java:220)
	at org.eclipse.lsp4j.jsonrpc.RemoteEndpoint.consume(RemoteEndpoint.java:204)
	at org.eclipse.lsp4e.LanguageServerWrapper.lambda$3(LanguageServerWrapper.java:310)
	at org.eclipse.lsp4j.jsonrpc.json.StreamMessageProducer.handleMessage(StreamMessageProducer.java:194)
	at org.eclipse.lsp4j.jsonrpc.json.StreamMessageProducer.listen(StreamMessageProducer.java:94)
	at org.eclipse.lsp4j.jsonrpc.json.ConcurrentMessageProcessor.run(ConcurrentMessageProcessor.java:113)
	at java.base/java.util.concurrent.Executors$RunnableAdapter.call(Executors.java:572)
	at java.base/java.util.concurrent.FutureTask.run(FutureTask.java:317)
	at java.base/java.util.concurrent.ThreadPoolExecutor.runWorker(ThreadPoolExecutor.java:1144)
	at java.base/java.util.concurrent.ThreadPoolExecutor$Worker.run(ThreadPoolExecutor.java:642)
	at java.base/java.lang.Thread.run(Thread.java:1570)
java.util.concurrent.ExecutionException: org.eclipse.lsp4j.jsonrpc.ResponseErrorException: Internal error.
	at java.base/java.util.concurrent.CompletableFuture.reportGet(CompletableFuture.java:396)
	at java.base/java.util.concurrent.CompletableFuture.get(CompletableFuture.java:2096)
	at org.springframework.tooling.boot.ls.commands.LiveProcessCommandsQuickAccessProvider.computeElements(LiveProcessCommandsQuickAccessProvider.java:72)
	at org.eclipse.ui.internal.quickaccess.QuickAccessExtensionManager$QuickAccessProviderExtensionProxy.lambda$2(QuickAccessExtensionManager.java:153)
	at org.eclipse.core.runtime.SafeRunner.run(SafeRunner.java:75)
	at org.eclipse.ui.internal.quickaccess.QuickAccessExtensionManager$QuickAccessProviderExtensionProxy.getElements(QuickAccessExtensionManager.java:152)
	at org.eclipse.ui.internal.quickaccess.QuickAccessProvider.getElementsSorted(QuickAccessProvider.java:92)
	at org.eclipse.ui.internal.quickaccess.QuickAccessExtensionManager$QuickAccessProviderExtensionProxy.getElementsSorted(QuickAccessExtensionManager.java:132)
	at org.eclipse.ui.internal.quickaccess.QuickAccessContents.computeMatchingEntries(QuickAccessContents.java:409)
	at org.eclipse.ui.internal.quickaccess.QuickAccessContents.lambda$0(QuickAccessContents.java:164)
	at org.eclipse.core.runtime.jobs.Job$1.run(Job.java:166)
	at org.eclipse.core.internal.jobs.Worker.run(Worker.java:63)
Caused by: org.eclipse.lsp4j.jsonrpc.ResponseErrorException: Internal error.
	at org.eclipse.lsp4j.jsonrpc.RemoteEndpoint.handleResponse(RemoteEndpoint.java:220)
	at org.eclipse.lsp4j.jsonrpc.RemoteEndpoint.consume(RemoteEndpoint.java:204)
	at org.eclipse.lsp4e.LanguageServerWrapper.lambda$3(LanguageServerWrapper.java:310)
	at org.eclipse.lsp4j.jsonrpc.json.StreamMessageProducer.handleMessage(StreamMessageProducer.java:194)
	at org.eclipse.lsp4j.jsonrpc.json.StreamMessageProducer.listen(StreamMessageProducer.java:94)
	at org.eclipse.lsp4j.jsonrpc.json.ConcurrentMessageProcessor.run(ConcurrentMessageProcessor.java:113)
	at java.base/java.util.concurrent.Executors$RunnableAdapter.call(Executors.java:572)
	at java.base/java.util.concurrent.FutureTask.run(FutureTask.java:317)
	at java.base/java.util.concurrent.ThreadPoolExecutor.runWorker(ThreadPoolExecutor.java:1144)
	at java.base/java.util.concurrent.ThreadPoolExecutor$Worker.run(ThreadPoolExecutor.java:642)
	at java.base/java.lang.Thread.run(Thread.java:1570)
2024-08-24 06:31:45.479 [Burningwave - Resource releaser] - org.burningwave.core.assembler.StaticComponentContainer - (StaticComponentContainer.java:380) - ... Waiting for all tasks ending
2024-08-24 06:31:45.484 [Burningwave - Resource releaser] - org.burningwave.core.assembler.StaticComponentContainer - (StaticComponentContainer.java:386) - Closing all component containers
2024-08-24 06:31:45.487 [Burningwave - Resource releaser] - org.burningwave.core.assembler.StaticComponentContainer - (StaticComponentContainer.java:392) - Closing FileSystemHelper
2024-08-24 06:31:45.488 [Burningwave - Resource releaser] - org.burningwave.core.assembler.StaticComponentContainer - (StaticComponentContainer.java:398) - ... Waiting for all tasks ending before shutting down the BackgroundExecutor
2024-08-24 06:31:45.488 [Burningwave - Resource releaser] - org.burningwave.core.assembler.StaticComponentContainer - (StaticComponentContainer.java:403) - Shutting down BackgroundExecutor
2024-08-24 06:31:45.489 [Burningwave - Resource releaser] - org.burningwave.core.assembler.StaticComponentContainer - (StaticComponentContainer.java:409) - Stopping all threads monitoring thread
2024-08-24 06:31:45.489 [Burningwave - Resource releaser] - org.burningwave.core.assembler.StaticComponentContainer - (StaticComponentContainer.java:414) - Closing ThreadHolder
2024-08-24 06:31:45.491 [Burningwave - Resource releaser] - org.burningwave.core.assembler.StaticComponentContainer - (StaticComponentContainer.java:419) - Shutting down ThreadSupplier
