2024-09-19 02:02:45.385 eclipse[43378:5633800] WARNING: Secure coding is not enabled for restorable state! Enable secure coding by implementing NSApplicationDelegate.applicationSupportsSecureRestorableState: and returning YES.
WARNING: Using incubator modules: jdk.incubator.vector
Sep 19, 2024 2:02:47 AM org.apache.aries.spifly.BaseActivator log
INFO: Registered provider ch.qos.logback.classic.spi.LogbackServiceProvider of service org.slf4j.spi.SLF4JServiceProvider in bundle ch.qos.logback.classic
02:02:48.286 [Start Level: Equinox Container: 5b593e91-fdef-4b02-9472-20ec97832e33] DEBUG org.eclipse.jgit.internal.util.ShutdownHook -- register org.eclipse.jgit.util.FS$FileStoreAttributes$$Lambda/0x00001c00011a38f0@38088e15 with shutdown hook
02:02:48.286 [Start Level: Equinox Container: 5b593e91-fdef-4b02-9472-20ec97832e33] DEBUG org.eclipse.jgit.internal.util.ShutdownHook -- register org.eclipse.jgit.util.FS$FileStoreAttributes$$Lambda/0x00001c00011a38f0@38088e15 with shutdown hook
Sep 19, 2024 2:02:48 AM org.apache.aries.spifly.BaseActivator log
INFO: Registered provider com.sun.tools.rngdatatype.helpers.ProxyDatatypeLibraryFactory of service com.sun.tools.rngdatatype.DatatypeLibraryFactory in bundle com.sun.xml.bind.jaxb-osgi
Sep 19, 2024 2:02:48 AM org.apache.aries.spifly.BaseActivator log
INFO: Registered provider com.sun.tools.xjc.addon.code_injector.PluginImpl of service com.sun.tools.xjc.Plugin in bundle com.sun.xml.bind.jaxb-osgi
Sep 19, 2024 2:02:48 AM org.apache.aries.spifly.BaseActivator log
INFO: Registered provider com.sun.tools.xjc.addon.locator.SourceLocationAddOn of service com.sun.tools.xjc.Plugin in bundle com.sun.xml.bind.jaxb-osgi
Sep 19, 2024 2:02:48 AM org.apache.aries.spifly.BaseActivator log
INFO: Registered provider com.sun.tools.xjc.addon.sync.SynchronizedMethodAddOn of service com.sun.tools.xjc.Plugin in bundle com.sun.xml.bind.jaxb-osgi
Sep 19, 2024 2:02:48 AM org.apache.aries.spifly.BaseActivator log
INFO: Registered provider com.sun.tools.xjc.addon.at_generated.PluginImpl of service com.sun.tools.xjc.Plugin in bundle com.sun.xml.bind.jaxb-osgi
Sep 19, 2024 2:02:48 AM org.apache.aries.spifly.BaseActivator log
INFO: Registered provider com.sun.tools.xjc.addon.episode.PluginImpl of service com.sun.tools.xjc.Plugin in bundle com.sun.xml.bind.jaxb-osgi
Sep 19, 2024 2:02:48 AM org.apache.aries.spifly.BaseActivator log
INFO: Registered provider com.sun.tools.xjc.addon.accessors.PluginImpl of service com.sun.tools.xjc.Plugin in bundle com.sun.xml.bind.jaxb-osgi
Sep 19, 2024 2:02:48 AM org.apache.aries.spifly.BaseActivator log
INFO: Registered provider org.glassfish.jaxb.runtime.v2.JAXBContextFactory of service jakarta.xml.bind.JAXBContextFactory in bundle com.sun.xml.bind.jaxb-osgi
Sep 19, 2024 2:03:11 AM org.eclipse.tm4e.core.registry.Registry _doLoadSingleGrammar
WARNING: No grammar source for scope [source.java]
Sep 19, 2024 2:03:12 AM org.eclipse.tm4e.core.internal.rule.RuleFactory _compilePatterns
WARNING: CANNOT find grammar for scopeName [source.java]. I am [source.xml@org.eclipse.wildwebdeveloper.xml]
Sep 19, 2024 2:03:12 AM org.eclipse.tm4e.core.internal.rule.RuleFactory _compilePatterns
WARNING: REMOVING BeginEndRule{id=79,name=source.java.embedded.xml} ENTIRELY DUE TO EMPTY PATTERNS THAT ARE MISSING


 ___                                                                        
(  _`\                      _                                               
| (_) ) _   _  _ __   ___  (_)  ___     __   _   _   _    _ _  _   _    __  
|  _ <'( ) ( )( '__)/' _ `\| |/' _ `\ /'_ `\( ) ( ) ( ) /'_` )( ) ( ) /'__`\
| (_) )| (_) || |   | ( ) || || ( ) |( (_) || \_/ \_/ |( (_| || \_/ |(  ___/
(____/'`\___/'(_)   (_) (_)(_)(_) (_)`\__  |`\___x___/'`\__,_)`\___/'`\____)
                                     ( )_) |                                
                                      \___/'                                


2024-09-19 02:03:19.199 [Worker-3: Update markers from diagnostics] - org.burningwave.core.assembler.StaticComponentContainer - (StaticComponentContainer.java:354) - No custom properties found for file burningwave.static.properties
2024-09-19 02:03:19.199 [Worker-3: Update markers from diagnostics] - org.burningwave.core.assembler.StaticComponentContainer - (StaticComponentContainer.java:356) - Instantiated org.burningwave.core.SimpleManagedLoggerRepository
2024-09-19 02:03:19.201 [Worker-3: Update markers from diagnostics] - org.burningwave.core.assembler.StaticComponentContainer - (StaticComponentContainer.java:357) - 

	Configuration values for static components:

		background-executor.all-tasks-monitoring.enabled=\
			true
		background-executor.all-tasks-monitoring.interval=\
			30000
		background-executor.all-tasks-monitoring.logger.enabled=\
			false
		background-executor.all-tasks-monitoring.minimum-elapsed-time-to-consider-a-task-as-probable-dead-locked=\
			300000
		background-executor.all-tasks-monitoring.probable-dead-locked-tasks-handling.policy=\
			log only
		background-executor.queued-task-executor[0].name=\
			Low priority tasks
		background-executor.queued-task-executor[0].priority=\
			1
		background-executor.queued-task-executor[1].name=\
			Normal priority tasks
		background-executor.queued-task-executor[1].priority=\
			5
		background-executor.queued-task-executor[2].name=\
			High priority tasks
		background-executor.queued-task-executor[2].priority=\
			10
		background-executor.task-creation-tracking.enabled=\
			${background-executor.all-tasks-monitoring.enabled}
		banner.file=\
			org/burningwave/banner.bwb
		banner.hide=\
			false
		buffer-handler.default-allocation-mode=\
			ByteBuffer::allocateDirect
		buffer-handler.default-buffer-size=\
			1024
		group-name-for-named-elements=\
			Burningwave
		iterable-object-helper.default-values-separator=\
			;
		iterable-object-helper.parallel-iteration.applicability.default-minimum-collection-size=\
			2
		iterable-object-helper.parallel-iteration.applicability.max-runtime-thread-count-threshold=\
			autodetect
		iterable-object-helper.parallel-iteration.applicability.output-collection-enabled-types=\
			java.util.concurrent.ConcurrentHashMap$CollectionView;\
			java.util.Collections$SynchronizedCollection;\
			java.util.concurrent.CopyOnWriteArrayList;\
			java.util.concurrent.CopyOnWriteArraySet;\
			java.util.concurrent.BlockingQueue;\
			java.util.concurrent.ConcurrentSkipListSet;\
			java.util.concurrent.ConcurrentSkipListMap$EntrySet;\
			java.util.concurrent.ConcurrentSkipListMap$KeySet;\
			java.util.concurrent.ConcurrentSkipListMap$Values;
		jvm.driver.init=\
			false
		managed-logger.repository=\
			autodetect
		managed-logger.repository.enabled=\
			true
		managed-logger.repository.logging.warn.disabled-for=\
			org.burningwave.core.assembler.ComponentContainer$ClassLoader;\
			org.burningwave.core.classes.MemoryClassLoader;\
			org.burningwave.core.classes.PathScannerClassLoader;
		modules.export-all-to-all=\
			true
		resource-releaser.enabled=\
			true
		synchronizer.all-threads-monitoring.enabled=\
			false
		synchronizer.all-threads-monitoring.interval=\
			90000
		thread-supplier.default-daemon-flag-value=\
			true
		thread-supplier.default-thread-priority=\
			5
		thread-supplier.max-detached-thread-count=\
			${thread-supplier.max-poolable-thread-count}
		thread-supplier.max-detached-thread-count.elapsed-time-threshold-from-last-increase-for-gradual-decreasing-to-initial-value=\
			30000
		thread-supplier.max-detached-thread-count.increasing-step=\
			autodetect
		thread-supplier.max-poolable-thread-count=\
			autodetect
		thread-supplier.poolable-thread-request-timeout=\
			6000


2024-09-19 02:03:19.202 [Worker-3: Update markers from diagnostics] - org.burningwave.core.jvm.BufferHandler - (BufferHandler.java:127) - default buffer size: 1024 bytes
2024-09-19 02:03:19.203 [Worker-3: Update markers from diagnostics] - org.burningwave.core.jvm.BufferHandler - (BufferHandler.java:141) - default allocation mode: ByteBuffer::allocateDirect
2024-09-19 02:03:19.204 [Worker-3: Update markers from diagnostics] - org.burningwave.core.Cache - (Cache.java:76) - Building cache
2024-09-19 02:03:19.229 [Worker-3: Update markers from diagnostics] - org.burningwave.core.assembler.StaticComponentContainer - (StaticComponentContainer.java:432) - org.burningwave.core.assembler.StaticComponentContainer initialized in 0.113597458 seconds
jdk.internal.loader.ClassLoaders$PlatformClassLoader@783bb1d3 instantiated
0    [Worker-10: Building] ERROR org.eclipse.xtext.builder.impl.XtextBuilder  - 
java.util.ConcurrentModificationException
	at java.base/java.util.LinkedHashMap$LinkedHashIterator.nextNode(LinkedHashMap.java:1023)
	at java.base/java.util.LinkedHashMap$LinkedValueIterator.next(LinkedHashMap.java:1052)
	at org.eclipse.xtext.ui.resource.Storage2UriMapperJavaImpl.getStorages(Storage2UriMapperJavaImpl.java:393)
	at org.eclipse.xtext.ui.resource.Storage2UriMapperImpl$2$1.apply(Storage2UriMapperImpl.java:139)
	at org.eclipse.xtext.ui.resource.Storage2UriMapperImpl$2$1.apply(Storage2UriMapperImpl.java:1)
	at com.google.common.collect.Lists$TransformingRandomAccessList$1.transform(Lists.java:631)
	at com.google.common.collect.TransformedIterator.next(TransformedIterator.java:52)
	at com.google.common.collect.TransformedIterator.next(TransformedIterator.java:52)
	at com.google.common.collect.Iterators$ConcatenatedIterator.hasNext(Iterators.java:1400)
	at org.eclipse.xtext.ui.resource.Storage2UriMapperImpl.getStorages(Storage2UriMapperImpl.java:224)
	at org.eclipse.xtext.ui.resource.Storage2UriMapperImpl.getStorages(Storage2UriMapperImpl.java:218)
	at org.eclipse.xtext.builder.impl.ToBeBuiltComputer.doRemoveProject(ToBeBuiltComputer.java:212)
	at org.eclipse.xtext.builder.impl.ToBeBuiltComputer.updateProject(ToBeBuiltComputer.java:264)
	at org.eclipse.xtext.builder.impl.XtextBuilder.fullBuild(XtextBuilder.java:557)
	at org.eclipse.xtext.builder.impl.XtextBuilder.build(XtextBuilder.java:333)
	at org.eclipse.core.internal.events.BuildManager$2.run(BuildManager.java:1079)
	at org.eclipse.core.runtime.SafeRunner.run(SafeRunner.java:47)
	at org.eclipse.core.internal.events.BuildManager.basicBuild(BuildManager.java:296)
	at org.eclipse.core.internal.events.BuildManager.basicBuild(BuildManager.java:352)
	at org.eclipse.core.internal.events.BuildManager$1.run(BuildManager.java:441)
	at org.eclipse.core.runtime.SafeRunner.run(SafeRunner.java:47)
	at org.eclipse.core.internal.events.BuildManager.basicBuild(BuildManager.java:444)
	at org.eclipse.core.internal.events.BuildManager.basicBuildLoop(BuildManager.java:555)
	at org.eclipse.core.internal.events.BuildManager.basicBuildLoop(BuildManager.java:503)
	at org.eclipse.core.internal.events.BuildManager.build(BuildManager.java:585)
	at org.eclipse.core.internal.events.AutoBuildJob.doBuild(AutoBuildJob.java:207)
	at org.eclipse.core.internal.events.AutoBuildJob.run(AutoBuildJob.java:300)
	at org.eclipse.core.internal.jobs.Worker.run(Worker.java:63)
2024-09-19 02:03:47.470 eclipse[43622:5635794] WARNING: Secure coding is not enabled for restorable state! Enable secure coding by implementing NSApplicationDelegate.applicationSupportsSecureRestorableState: and returning YES.
WARNING: Using incubator modules: jdk.incubator.vector
Sep 19, 2024 2:03:48 AM org.apache.aries.spifly.BaseActivator log
INFO: Registered provider ch.qos.logback.classic.spi.LogbackServiceProvider of service org.slf4j.spi.SLF4JServiceProvider in bundle ch.qos.logback.classic
02:03:49.256 [Start Level: Equinox Container: 14846e04-4b1a-4b87-9205-591fb616cc17] DEBUG org.eclipse.jgit.internal.util.ShutdownHook -- register org.eclipse.jgit.util.FS$FileStoreAttributes$$Lambda/0x00002000011a78f0@779d1afa with shutdown hook
02:03:49.256 [Start Level: Equinox Container: 14846e04-4b1a-4b87-9205-591fb616cc17] DEBUG org.eclipse.jgit.internal.util.ShutdownHook -- register org.eclipse.jgit.util.FS$FileStoreAttributes$$Lambda/0x00002000011a78f0@779d1afa with shutdown hook
Sep 19, 2024 2:03:49 AM org.apache.aries.spifly.BaseActivator log
INFO: Registered provider com.sun.tools.rngdatatype.helpers.ProxyDatatypeLibraryFactory of service com.sun.tools.rngdatatype.DatatypeLibraryFactory in bundle com.sun.xml.bind.jaxb-osgi
Sep 19, 2024 2:03:49 AM org.apache.aries.spifly.BaseActivator log
INFO: Registered provider com.sun.tools.xjc.addon.code_injector.PluginImpl of service com.sun.tools.xjc.Plugin in bundle com.sun.xml.bind.jaxb-osgi
Sep 19, 2024 2:03:49 AM org.apache.aries.spifly.BaseActivator log
INFO: Registered provider com.sun.tools.xjc.addon.locator.SourceLocationAddOn of service com.sun.tools.xjc.Plugin in bundle com.sun.xml.bind.jaxb-osgi
Sep 19, 2024 2:03:49 AM org.apache.aries.spifly.BaseActivator log
INFO: Registered provider com.sun.tools.xjc.addon.sync.SynchronizedMethodAddOn of service com.sun.tools.xjc.Plugin in bundle com.sun.xml.bind.jaxb-osgi
Sep 19, 2024 2:03:49 AM org.apache.aries.spifly.BaseActivator log
INFO: Registered provider com.sun.tools.xjc.addon.at_generated.PluginImpl of service com.sun.tools.xjc.Plugin in bundle com.sun.xml.bind.jaxb-osgi
Sep 19, 2024 2:03:49 AM org.apache.aries.spifly.BaseActivator log
INFO: Registered provider com.sun.tools.xjc.addon.episode.PluginImpl of service com.sun.tools.xjc.Plugin in bundle com.sun.xml.bind.jaxb-osgi
Sep 19, 2024 2:03:49 AM org.apache.aries.spifly.BaseActivator log
INFO: Registered provider com.sun.tools.xjc.addon.accessors.PluginImpl of service com.sun.tools.xjc.Plugin in bundle com.sun.xml.bind.jaxb-osgi
Sep 19, 2024 2:03:49 AM org.apache.aries.spifly.BaseActivator log
INFO: Registered provider org.glassfish.jaxb.runtime.v2.JAXBContextFactory of service jakarta.xml.bind.JAXBContextFactory in bundle com.sun.xml.bind.jaxb-osgi
02:03:50.855 [main] DEBUG org.eclipse.m2e.core.internal.project.registry.ProjectRegistryRefreshJob -- Queued refresh request: [/com.kntrade.ats.wtrade.api.runtime/pom.xml, /com.kntrade.ats.wtrade.api.script/pom.xml, /com.kntrade.ats.wtrade.api.script.ui/pom.xml, /com.kntrade.ats.wtrade.beach.runtime/pom.xml, /com.kntrade.ats.wtrade.core.ecore/pom.xml, /com.kntrade.ats.wtrade.core.runtime/pom.xml, /com.kntrade.ats.wtrade.net.trade.client/pom.xml, /com.kntrade.ats.wtrade.net.trade.ecore/pom.xml, /com.kntrade.ats.wtrade.net.trade.server/pom.xml, /com.kntrade.env.dev.eclipse/pom.xml, /com.kntrade.env.dev.metrics/pom.xml, /com.kntrade.jartools.cluster/pom.xml, /com.kntrade.jartools.feedcapture/pom.xml, /com.kntrade.jartools.release/pom.xml, /com.kntrade.net.beach.core.ecore/pom.xml, /com.kntrade.net.beach.core.runtime/pom.xml, /com.kntrade.net.beach.server.runtime/pom.xml, /com.kntrade.net.beach.studio.trader/pom.xml, /com.kntrade.net.core.client.runtime/pom.xml, /com.kntrade.net.core.server.runtime/pom.xml, /com.kntrade.net.node.client.feed/pom.xml, /com.kntrade.net.node.client.runtime/pom.xml, /com.kntrade.net.node.client.stream/pom.xml, /com.kntrade.net.node.client.tickplant/pom.xml, /com.kntrade.net.node.ecore.feed/pom.xml, /com.kntrade.net.node.ecore.stream/pom.xml, /com.kntrade.net.node.server.feed/pom.xml, /com.kntrade.net.node.server.runtime/pom.xml, /com.kntrade.net.node.server.stream/pom.xml, /com.kntrade.net.node.server.tickplant/pom.xml, /com.kntrade.net.store.snapshot.cluster.runtime/pom.xml, /com.kntrade.net.store.snapshot.core.ecore/pom.xml, /com.kntrade.net.store.snapshot.core.runtime/pom.xml, /com.kntrade.net.store.snapshot.core.schema/pom.xml, /com.kntrade.net.store.snapshot.node.runtime/pom.xml, /com.kntrade.net.store.snapshot.server.runtime/pom.xml, /com.kntrade.net.store.snapshot.studio.console/pom.xml, /com.kntrade.net.stream.core.cluster/pom.xml, /com.kntrade.net.stream.core.ecore/pom.xml, /com.kntrade.net.stream.core.node/pom.xml, /com.kntrade.net.stream.core.server/pom.xml, /com.kntrade.net.trade.client.beach/pom.xml, /com.kntrade.net.trade.client.cluster/pom.xml, /com.kntrade.net.trade.client.launch/pom.xml, /com.kntrade.net.trade.client.stream/pom.xml, /com.kntrade.net.trade.client.tickplant/pom.xml, /com.kntrade.net.trade.ecore.cluster/pom.xml, /com.kntrade.net.trade.ecore.feature/pom.xml, /com.kntrade.net.trade.ecore.launch/pom.xml, /com.kntrade.net.trade.ecore.runtime/pom.xml, /com.kntrade.net.trade.ecore.stream/pom.xml, /com.kntrade.net.trade.ecore.tickplant/pom.xml, /com.kntrade.net.trade.script.beach/pom.xml, /com.kntrade.net.trade.script.beach.ui/pom.xml, /com.kntrade.net.trade.script.launch/pom.xml, /com.kntrade.net.trade.script.launch.ui/pom.xml, /com.kntrade.net.trade.server.beach/pom.xml, /com.kntrade.net.trade.server.cluster/pom.xml, /com.kntrade.net.trade.server.launch/pom.xml, /com.kntrade.net.trade.server.mobile/pom.xml, /com.kntrade.net.trade.server.remote/pom.xml, /com.kntrade.net.trade.server.stream/pom.xml, /com.kntrade.net.trade.server.tickplant/pom.xml, /com.kntrade.net.wave.core.ecore/pom.xml, /com.kntrade.net.wave.core.runtime/pom.xml, /com.kntrade.net.wave.script.wave/pom.xml, /com.kntrade.net.wave.script.wave.ui/pom.xml, /com.kntrade.net.wave.test.studio.maker/pom.xml, /com.kntrade.newrock.feature/pom.xml, /com.kntrade.newrock.parent/pom.xml, /com.kntrade.newrock.release/pom.xml, /com.kntrade.newrock.resources/pom.xml, /com.kntrade.newrock.schema/pom.xml, /com.kntrade.newrock.target/pom.xml, /com.kntrade.newrock.update/pom.xml, /com.kntrade.newrock.xcore/pom.xml, /com.kntrade.newrock.xnode/pom.xml, /com.kntrade.newrock.xview/pom.xml, /com.kntrade.rct.beach.view/pom.xml, /com.kntrade.rct.calculators.ui/pom.xml, /com.kntrade.rct.common.ui/pom.xml, /com.kntrade.rct.launch.ui/pom.xml, /com.kntrade.rct.netstream.ui/pom.xml, /com.kntrade.rct.tickplant.ui/pom.xml, /com.kntrade.rct.trade.core.ui/pom.xml, /com.kntrade.rct.workbench.ecore/pom.xml, /com.kntrade.rct.workbench.runtime/pom.xml, /com.kntrade.rct.workbench.viewer/pom.xml, /com.kntrade.rct.xstream.builder.ecore/pom.xml, /com.kntrade.rct.xstream.builder.ui/pom.xml, /com.kntrade.rct.xstream.tester.ui/pom.xml, /com.kntrade.rct.xview.ui/pom.xml, /com.kntrade.sdk.common.avro/pom.xml, /com.kntrade.sdk.common.excel/pom.xml, /com.kntrade.sdk.common.filesystem/pom.xml, /com.kntrade.sdk.common.ktime/pom.xml, /com.kntrade.sdk.common.lang/pom.xml, /com.kntrade.sdk.common.logger/pom.xml, /com.kntrade.sdk.common.math/pom.xml, /com.kntrade.sdk.common.message/pom.xml, /com.kntrade.sdk.common.ssh/pom.xml, /com.kntrade.sdk.common.util/pom.xml, /com.kntrade.sdk.connector.elasticsearch/pom.xml, /com.kntrade.sdk.connector.kafka/pom.xml, /com.kntrade.sdk.dev.core.runtime/pom.xml, /com.kntrade.sdk.eclipse.core.resources/pom.xml, /com.kntrade.sdk.eclipse.core.resources.model/pom.xml, /com.kntrade.sdk.eclipse.core.runtime/pom.xml, /com.kntrade.sdk.eclipse.dev/pom.xml, /com.kntrade.sdk.eclipse.emf.runtime/pom.xml, /com.kntrade.sdk.eclipse.ui/pom.xml, /com.kntrade.sdk.eclipse.ui.ide/pom.xml, /com.kntrade.sdk.kface.api.resources/pom.xml, /com.kntrade.sdk.kface.api.runtime/pom.xml, /com.kntrade.sdk.kface.api.tree.type/pom.xml, /com.kntrade.sdk.kface.api.tree.type.ui/pom.xml, /com.kntrade.sdk.kface.api.view.type/pom.xml, /com.kntrade.sdk.kface.api.view.type.ui/pom.xml, /com.kntrade.sdk.kface.api.viewer.type/pom.xml, /com.kntrade.sdk.kface.api.viewer.type.ui/pom.xml, /com.kntrade.sdk.kface.core.runtime/pom.xml, /com.kntrade.sdk.kface.net.runtime/pom.xml, /com.kntrade.sdk.kface.rcp.ui/pom.xml, /com.kntrade.sdk.kmx.core.remote/pom.xml, /com.kntrade.sdk.kmx.core.runtime/pom.xml, /com.kntrade.sdk.kmx.eclipse.ui/pom.xml, /com.kntrade.sdk.kmx.test.core.runtime/pom.xml, /com.kntrade.sdk.monitor.events.client/pom.xml, /com.kntrade.sdk.monitor.events.server/pom.xml, /com.kntrade.sdk.monitor.events.shared/pom.xml, /com.kntrade.sdk.monitor.remote.client/pom.xml, /com.kntrade.sdk.monitor.remote.server/pom.xml, /com.kntrade.sdk.monitor.remote.shared/pom.xml, /com.kntrade.sdk.net.broker.runtime/pom.xml, /com.kntrade.sdk.net.messaging.runtime/pom.xml, /com.kntrade.sdk.openhft.chronicle/pom.xml, /com.kntrade.sdk.openhft.runtime/pom.xml, /com.kntrade.sdk.project.api.resources/pom.xml, /com.kntrade.sdk.project.api.runtime/pom.xml, /com.kntrade.sdk.project.core.runtime/pom.xml, /com.kntrade.sdk.rcp.menus.ui/pom.xml, /com.kntrade.sdk.resources.api.model/pom.xml, /com.kntrade.sdk.resources.api.runtime/pom.xml, /com.kntrade.sdk.resources.core.runtime/pom.xml, /com.kntrade.sdk.resources.file.runtime/pom.xml, /com.kntrade.sdk.resources.file.schema/pom.xml, /com.kntrade.sdk.resources.net.runtime/pom.xml, /com.kntrade.sdk.resources.rcp.editor.ui/pom.xml, /com.kntrade.sdk.resources.rcp.navigator.ui/pom.xml, /com.kntrade.sdk.sql.common.runtime/pom.xml, /com.kntrade.sdk.sql.schema.core.runtime/pom.xml, /com.kntrade.sdk.stream.api.runtime/pom.xml, /com.kntrade.sdk.stream.core.runtime/pom.xml, /com.kntrade.sdk.xclass.api.runtime/pom.xml, /com.kntrade.sdk.xclass.api.script/pom.xml, /com.kntrade.sdk.xclass.api.script.ui/pom.xml, /com.kntrade.sdk.xclass.core.runtime/pom.xml, /com.kntrade.sdk.xproject.api.runtime/pom.xml, /com.kntrade.sdk.xproject.core.runtime/pom.xml, /com.kntrade.sdk.xstream.api.ecore/pom.xml, /com.kntrade.sdk.xstream.api.runtime/pom.xml, /com.kntrade.sdk.xstream.api.script/pom.xml, /com.kntrade.sdk.xstream.api.script.ui/pom.xml, /com.kntrade.sdk.xstream.core.runtime/pom.xml, /com.kntrade.sdk.xstream.core.statlib/pom.xml, /com.kntrade.sdk.xstream.util/pom.xml, /com.kntrade.sdk.xview.api.runtime/pom.xml, /com.kntrade.sdk.xview.api.type/pom.xml, /com.kntrade.sdk.xview.api.type.ui/pom.xml, /com.kntrade.tdk.beach.api.ecore/pom.xml, /com.kntrade.tdk.beach.api.runtime/pom.xml, /com.kntrade.tdk.beach.core.runtime/pom.xml, /com.kntrade.tdk.broker.api.ecore/pom.xml, /com.kntrade.tdk.broker.api.runtime/pom.xml, /com.kntrade.tdk.broker.paper.ecore/pom.xml, /com.kntrade.tdk.broker.paper.runtime/pom.xml, /com.kntrade.tdk.broker.tws.runtime/pom.xml, /com.kntrade.tdk.feed.activetick/pom.xml, /com.kntrade.tdk.feed.api.runtime/pom.xml, /com.kntrade.tdk.feed.core.runtime/pom.xml, /com.kntrade.tdk.iqfeed.server/pom.xml, /com.kntrade.tdk.iqfeed.symbols/pom.xml, /com.kntrade.tdk.iqfeed.util/pom.xml, /com.kntrade.tdk.ktrade.api.ecore/pom.xml, /com.kntrade.tdk.ktrade.api.runtime/pom.xml, /com.kntrade.tdk.ktrade.core.runtime/pom.xml, /com.kntrade.tdk.ktrade.feed.runtime/pom.xml, /com.kntrade.tdk.ktrade.feed.viewer/pom.xml, /com.kntrade.tdk.ktrade.paper.ecore/pom.xml, /com.kntrade.tdk.ktrade.paper.runtime/pom.xml, /com.kntrade.tdk.ktrade.tws.ecore/pom.xml, /com.kntrade.tdk.ktrade.tws.runtime/pom.xml, /com.kntrade.tdk.ktrade.util.persist/pom.xml, /com.kntrade.tdk.ktrade.util.viewer/pom.xml, /com.kntrade.tdk.lookup.api.runtime/pom.xml, /com.kntrade.tdk.lookup.core.runtime/pom.xml, /com.kntrade.tdk.tickers.api.runtime/pom.xml, /com.kntrade.tdk.tickers.core.runtime/pom.xml, /com.kntrade.tdk.xstream.equity.api.script/pom.xml, /com.kntrade.tdk.xstream.equity.api.script.ui/pom.xml, /com.kntrade.tdk.xstream.equity.core.runtime/pom.xml, /com.kntrade.tpl.activemq/pom.xml, /com.kntrade.tpl.apache.avro/pom.xml, /com.kntrade.tpl.apache.kafka/pom.xml, /com.kntrade.tpl.elasticsearch5/pom.xml, /com.kntrade.tpl.glazedlists/pom.xml, /com.kntrade.tpl.joda.time/pom.xml, /com.kntrade.tpl.mysql/pom.xml, /com.kntrade.tpl.postgres/pom.xml]
02:03:50.855 [main] DEBUG org.eclipse.m2e.core.internal.project.registry.ProjectRegistryRefreshJob -- Queued refresh request: [/com.kntrade.ats.wtrade.api.runtime/pom.xml, /com.kntrade.ats.wtrade.api.script/pom.xml, /com.kntrade.ats.wtrade.api.script.ui/pom.xml, /com.kntrade.ats.wtrade.beach.runtime/pom.xml, /com.kntrade.ats.wtrade.core.ecore/pom.xml, /com.kntrade.ats.wtrade.core.runtime/pom.xml, /com.kntrade.ats.wtrade.net.trade.client/pom.xml, /com.kntrade.ats.wtrade.net.trade.ecore/pom.xml, /com.kntrade.ats.wtrade.net.trade.server/pom.xml, /com.kntrade.env.dev.eclipse/pom.xml, /com.kntrade.env.dev.metrics/pom.xml, /com.kntrade.jartools.cluster/pom.xml, /com.kntrade.jartools.feedcapture/pom.xml, /com.kntrade.jartools.release/pom.xml, /com.kntrade.net.beach.core.ecore/pom.xml, /com.kntrade.net.beach.core.runtime/pom.xml, /com.kntrade.net.beach.server.runtime/pom.xml, /com.kntrade.net.beach.studio.trader/pom.xml, /com.kntrade.net.core.client.runtime/pom.xml, /com.kntrade.net.core.server.runtime/pom.xml, /com.kntrade.net.node.client.feed/pom.xml, /com.kntrade.net.node.client.runtime/pom.xml, /com.kntrade.net.node.client.stream/pom.xml, /com.kntrade.net.node.client.tickplant/pom.xml, /com.kntrade.net.node.ecore.feed/pom.xml, /com.kntrade.net.node.ecore.stream/pom.xml, /com.kntrade.net.node.server.feed/pom.xml, /com.kntrade.net.node.server.runtime/pom.xml, /com.kntrade.net.node.server.stream/pom.xml, /com.kntrade.net.node.server.tickplant/pom.xml, /com.kntrade.net.store.snapshot.cluster.runtime/pom.xml, /com.kntrade.net.store.snapshot.core.ecore/pom.xml, /com.kntrade.net.store.snapshot.core.runtime/pom.xml, /com.kntrade.net.store.snapshot.core.schema/pom.xml, /com.kntrade.net.store.snapshot.node.runtime/pom.xml, /com.kntrade.net.store.snapshot.server.runtime/pom.xml, /com.kntrade.net.store.snapshot.studio.console/pom.xml, /com.kntrade.net.stream.core.cluster/pom.xml, /com.kntrade.net.stream.core.ecore/pom.xml, /com.kntrade.net.stream.core.node/pom.xml, /com.kntrade.net.stream.core.server/pom.xml, /com.kntrade.net.trade.client.beach/pom.xml, /com.kntrade.net.trade.client.cluster/pom.xml, /com.kntrade.net.trade.client.launch/pom.xml, /com.kntrade.net.trade.client.stream/pom.xml, /com.kntrade.net.trade.client.tickplant/pom.xml, /com.kntrade.net.trade.ecore.cluster/pom.xml, /com.kntrade.net.trade.ecore.feature/pom.xml, /com.kntrade.net.trade.ecore.launch/pom.xml, /com.kntrade.net.trade.ecore.runtime/pom.xml, /com.kntrade.net.trade.ecore.stream/pom.xml, /com.kntrade.net.trade.ecore.tickplant/pom.xml, /com.kntrade.net.trade.script.beach/pom.xml, /com.kntrade.net.trade.script.beach.ui/pom.xml, /com.kntrade.net.trade.script.launch/pom.xml, /com.kntrade.net.trade.script.launch.ui/pom.xml, /com.kntrade.net.trade.server.beach/pom.xml, /com.kntrade.net.trade.server.cluster/pom.xml, /com.kntrade.net.trade.server.launch/pom.xml, /com.kntrade.net.trade.server.mobile/pom.xml, /com.kntrade.net.trade.server.remote/pom.xml, /com.kntrade.net.trade.server.stream/pom.xml, /com.kntrade.net.trade.server.tickplant/pom.xml, /com.kntrade.net.wave.core.ecore/pom.xml, /com.kntrade.net.wave.core.runtime/pom.xml, /com.kntrade.net.wave.script.wave/pom.xml, /com.kntrade.net.wave.script.wave.ui/pom.xml, /com.kntrade.net.wave.test.studio.maker/pom.xml, /com.kntrade.newrock.feature/pom.xml, /com.kntrade.newrock.parent/pom.xml, /com.kntrade.newrock.release/pom.xml, /com.kntrade.newrock.resources/pom.xml, /com.kntrade.newrock.schema/pom.xml, /com.kntrade.newrock.target/pom.xml, /com.kntrade.newrock.update/pom.xml, /com.kntrade.newrock.xcore/pom.xml, /com.kntrade.newrock.xnode/pom.xml, /com.kntrade.newrock.xview/pom.xml, /com.kntrade.rct.beach.view/pom.xml, /com.kntrade.rct.calculators.ui/pom.xml, /com.kntrade.rct.common.ui/pom.xml, /com.kntrade.rct.launch.ui/pom.xml, /com.kntrade.rct.netstream.ui/pom.xml, /com.kntrade.rct.tickplant.ui/pom.xml, /com.kntrade.rct.trade.core.ui/pom.xml, /com.kntrade.rct.workbench.ecore/pom.xml, /com.kntrade.rct.workbench.runtime/pom.xml, /com.kntrade.rct.workbench.viewer/pom.xml, /com.kntrade.rct.xstream.builder.ecore/pom.xml, /com.kntrade.rct.xstream.builder.ui/pom.xml, /com.kntrade.rct.xstream.tester.ui/pom.xml, /com.kntrade.rct.xview.ui/pom.xml, /com.kntrade.sdk.common.avro/pom.xml, /com.kntrade.sdk.common.excel/pom.xml, /com.kntrade.sdk.common.filesystem/pom.xml, /com.kntrade.sdk.common.ktime/pom.xml, /com.kntrade.sdk.common.lang/pom.xml, /com.kntrade.sdk.common.logger/pom.xml, /com.kntrade.sdk.common.math/pom.xml, /com.kntrade.sdk.common.message/pom.xml, /com.kntrade.sdk.common.ssh/pom.xml, /com.kntrade.sdk.common.util/pom.xml, /com.kntrade.sdk.connector.elasticsearch/pom.xml, /com.kntrade.sdk.connector.kafka/pom.xml, /com.kntrade.sdk.dev.core.runtime/pom.xml, /com.kntrade.sdk.eclipse.core.resources/pom.xml, /com.kntrade.sdk.eclipse.core.resources.model/pom.xml, /com.kntrade.sdk.eclipse.core.runtime/pom.xml, /com.kntrade.sdk.eclipse.dev/pom.xml, /com.kntrade.sdk.eclipse.emf.runtime/pom.xml, /com.kntrade.sdk.eclipse.ui/pom.xml, /com.kntrade.sdk.eclipse.ui.ide/pom.xml, /com.kntrade.sdk.kface.api.resources/pom.xml, /com.kntrade.sdk.kface.api.runtime/pom.xml, /com.kntrade.sdk.kface.api.tree.type/pom.xml, /com.kntrade.sdk.kface.api.tree.type.ui/pom.xml, /com.kntrade.sdk.kface.api.view.type/pom.xml, /com.kntrade.sdk.kface.api.view.type.ui/pom.xml, /com.kntrade.sdk.kface.api.viewer.type/pom.xml, /com.kntrade.sdk.kface.api.viewer.type.ui/pom.xml, /com.kntrade.sdk.kface.core.runtime/pom.xml, /com.kntrade.sdk.kface.net.runtime/pom.xml, /com.kntrade.sdk.kface.rcp.ui/pom.xml, /com.kntrade.sdk.kmx.core.remote/pom.xml, /com.kntrade.sdk.kmx.core.runtime/pom.xml, /com.kntrade.sdk.kmx.eclipse.ui/pom.xml, /com.kntrade.sdk.kmx.test.core.runtime/pom.xml, /com.kntrade.sdk.monitor.events.client/pom.xml, /com.kntrade.sdk.monitor.events.server/pom.xml, /com.kntrade.sdk.monitor.events.shared/pom.xml, /com.kntrade.sdk.monitor.remote.client/pom.xml, /com.kntrade.sdk.monitor.remote.server/pom.xml, /com.kntrade.sdk.monitor.remote.shared/pom.xml, /com.kntrade.sdk.net.broker.runtime/pom.xml, /com.kntrade.sdk.net.messaging.runtime/pom.xml, /com.kntrade.sdk.openhft.chronicle/pom.xml, /com.kntrade.sdk.openhft.runtime/pom.xml, /com.kntrade.sdk.project.api.resources/pom.xml, /com.kntrade.sdk.project.api.runtime/pom.xml, /com.kntrade.sdk.project.core.runtime/pom.xml, /com.kntrade.sdk.rcp.menus.ui/pom.xml, /com.kntrade.sdk.resources.api.model/pom.xml, /com.kntrade.sdk.resources.api.runtime/pom.xml, /com.kntrade.sdk.resources.core.runtime/pom.xml, /com.kntrade.sdk.resources.file.runtime/pom.xml, /com.kntrade.sdk.resources.file.schema/pom.xml, /com.kntrade.sdk.resources.net.runtime/pom.xml, /com.kntrade.sdk.resources.rcp.editor.ui/pom.xml, /com.kntrade.sdk.resources.rcp.navigator.ui/pom.xml, /com.kntrade.sdk.sql.common.runtime/pom.xml, /com.kntrade.sdk.sql.schema.core.runtime/pom.xml, /com.kntrade.sdk.stream.api.runtime/pom.xml, /com.kntrade.sdk.stream.core.runtime/pom.xml, /com.kntrade.sdk.xclass.api.runtime/pom.xml, /com.kntrade.sdk.xclass.api.script/pom.xml, /com.kntrade.sdk.xclass.api.script.ui/pom.xml, /com.kntrade.sdk.xclass.core.runtime/pom.xml, /com.kntrade.sdk.xproject.api.runtime/pom.xml, /com.kntrade.sdk.xproject.core.runtime/pom.xml, /com.kntrade.sdk.xstream.api.ecore/pom.xml, /com.kntrade.sdk.xstream.api.runtime/pom.xml, /com.kntrade.sdk.xstream.api.script/pom.xml, /com.kntrade.sdk.xstream.api.script.ui/pom.xml, /com.kntrade.sdk.xstream.core.runtime/pom.xml, /com.kntrade.sdk.xstream.core.statlib/pom.xml, /com.kntrade.sdk.xstream.util/pom.xml, /com.kntrade.sdk.xview.api.runtime/pom.xml, /com.kntrade.sdk.xview.api.type/pom.xml, /com.kntrade.sdk.xview.api.type.ui/pom.xml, /com.kntrade.tdk.beach.api.ecore/pom.xml, /com.kntrade.tdk.beach.api.runtime/pom.xml, /com.kntrade.tdk.beach.core.runtime/pom.xml, /com.kntrade.tdk.broker.api.ecore/pom.xml, /com.kntrade.tdk.broker.api.runtime/pom.xml, /com.kntrade.tdk.broker.paper.ecore/pom.xml, /com.kntrade.tdk.broker.paper.runtime/pom.xml, /com.kntrade.tdk.broker.tws.runtime/pom.xml, /com.kntrade.tdk.feed.activetick/pom.xml, /com.kntrade.tdk.feed.api.runtime/pom.xml, /com.kntrade.tdk.feed.core.runtime/pom.xml, /com.kntrade.tdk.iqfeed.server/pom.xml, /com.kntrade.tdk.iqfeed.symbols/pom.xml, /com.kntrade.tdk.iqfeed.util/pom.xml, /com.kntrade.tdk.ktrade.api.ecore/pom.xml, /com.kntrade.tdk.ktrade.api.runtime/pom.xml, /com.kntrade.tdk.ktrade.core.runtime/pom.xml, /com.kntrade.tdk.ktrade.feed.runtime/pom.xml, /com.kntrade.tdk.ktrade.feed.viewer/pom.xml, /com.kntrade.tdk.ktrade.paper.ecore/pom.xml, /com.kntrade.tdk.ktrade.paper.runtime/pom.xml, /com.kntrade.tdk.ktrade.tws.ecore/pom.xml, /com.kntrade.tdk.ktrade.tws.runtime/pom.xml, /com.kntrade.tdk.ktrade.util.persist/pom.xml, /com.kntrade.tdk.ktrade.util.viewer/pom.xml, /com.kntrade.tdk.lookup.api.runtime/pom.xml, /com.kntrade.tdk.lookup.core.runtime/pom.xml, /com.kntrade.tdk.tickers.api.runtime/pom.xml, /com.kntrade.tdk.tickers.core.runtime/pom.xml, /com.kntrade.tdk.xstream.equity.api.script/pom.xml, /com.kntrade.tdk.xstream.equity.api.script.ui/pom.xml, /com.kntrade.tdk.xstream.equity.core.runtime/pom.xml, /com.kntrade.tpl.activemq/pom.xml, /com.kntrade.tpl.apache.avro/pom.xml, /com.kntrade.tpl.apache.kafka/pom.xml, /com.kntrade.tpl.elasticsearch5/pom.xml, /com.kntrade.tpl.glazedlists/pom.xml, /com.kntrade.tpl.joda.time/pom.xml, /com.kntrade.tpl.mysql/pom.xml, /com.kntrade.tpl.postgres/pom.xml]
2024-09-19 02:03:53.713 eclipse[43622:5635794] CoreText note: Client requested name ".SF NS", it will get TimesNewRomanPSMT rather than the intended font. All system UI font access should be through proper APIs such as CTFontCreateUIFontForLanguage() or +[NSFont systemFontOfSize:].
2024-09-19 02:03:53.713 eclipse[43622:5635794] CoreText note: Set a breakpoint on CTFontLogSystemFontNameRequest to debug.
2024-09-19 02:03:55.331 eclipse[43622:5635794] CoreText note: Client requested name ".SFNS-Regular", it will get TimesNewRomanPSMT rather than the intended font. All system UI font access should be through proper APIs such as CTFontCreateUIFontForLanguage() or +[NSFont systemFontOfSize:].


  ____                           _                                                   
 |  _ \                         (_)                                                  
 | |_) |  _   _   _ __   _ __    _   _ __     __ _  __      __   __ _  __   __   ___ 
 |  _ <  | | | | | '__| | '_ \  | | | '_ \   / _` | \ \ /\ / /  / _` | \ \ / /  / _ \
 | |_) | | |_| | | |    | | | | | | | | | | | (_| |  \ V  V /  | (_| |  \ V /  |  __/
 |____/   \__,_| |_|    |_| |_| |_| |_| |_|  \__, |   \_/\_/    \__,_|   \_/    \___|
                                              __/ |                                  
                                             |___/                                   


2024-09-19 02:03:59.759 [Worker-213: Building] - org.burningwave.core.assembler.StaticComponentContainer - (StaticComponentContainer.java:354) - No custom properties found for file burningwave.static.properties
2024-09-19 02:03:59.764 [Worker-213: Building] - org.burningwave.core.assembler.StaticComponentContainer - (StaticComponentContainer.java:356) - Instantiated org.burningwave.core.SimpleManagedLoggerRepository
2024-09-19 02:03:59.766 [Worker-213: Building] - org.burningwave.core.assembler.StaticComponentContainer - (StaticComponentContainer.java:357) - 

	Configuration values for static components:

		background-executor.all-tasks-monitoring.enabled=\
			true
		background-executor.all-tasks-monitoring.interval=\
			30000
		background-executor.all-tasks-monitoring.logger.enabled=\
			false
		background-executor.all-tasks-monitoring.minimum-elapsed-time-to-consider-a-task-as-probable-dead-locked=\
			300000
		background-executor.all-tasks-monitoring.probable-dead-locked-tasks-handling.policy=\
			log only
		background-executor.queued-task-executor[0].name=\
			Low priority tasks
		background-executor.queued-task-executor[0].priority=\
			1
		background-executor.queued-task-executor[1].name=\
			Normal priority tasks
		background-executor.queued-task-executor[1].priority=\
			5
		background-executor.queued-task-executor[2].name=\
			High priority tasks
		background-executor.queued-task-executor[2].priority=\
			10
		background-executor.task-creation-tracking.enabled=\
			${background-executor.all-tasks-monitoring.enabled}
		banner.file=\
			org/burningwave/banner.bwb
		banner.hide=\
			false
		buffer-handler.default-allocation-mode=\
			ByteBuffer::allocateDirect
		buffer-handler.default-buffer-size=\
			1024
		group-name-for-named-elements=\
			Burningwave
		iterable-object-helper.default-values-separator=\
			;
		iterable-object-helper.parallel-iteration.applicability.default-minimum-collection-size=\
			2
		iterable-object-helper.parallel-iteration.applicability.max-runtime-thread-count-threshold=\
			autodetect
		iterable-object-helper.parallel-iteration.applicability.output-collection-enabled-types=\
			java.util.concurrent.ConcurrentHashMap$CollectionView;\
			java.util.Collections$SynchronizedCollection;\
			java.util.concurrent.CopyOnWriteArrayList;\
			java.util.concurrent.CopyOnWriteArraySet;\
			java.util.concurrent.BlockingQueue;\
			java.util.concurrent.ConcurrentSkipListSet;\
			java.util.concurrent.ConcurrentSkipListMap$EntrySet;\
			java.util.concurrent.ConcurrentSkipListMap$KeySet;\
			java.util.concurrent.ConcurrentSkipListMap$Values;
		jvm.driver.init=\
			false
		managed-logger.repository=\
			autodetect
		managed-logger.repository.enabled=\
			true
		managed-logger.repository.logging.warn.disabled-for=\
			org.burningwave.core.assembler.ComponentContainer$ClassLoader;\
			org.burningwave.core.classes.MemoryClassLoader;\
			org.burningwave.core.classes.PathScannerClassLoader;
		modules.export-all-to-all=\
			true
		resource-releaser.enabled=\
			true
		synchronizer.all-threads-monitoring.enabled=\
			false
		synchronizer.all-threads-monitoring.interval=\
			90000
		thread-supplier.default-daemon-flag-value=\
			true
		thread-supplier.default-thread-priority=\
			5
		thread-supplier.max-detached-thread-count=\
			${thread-supplier.max-poolable-thread-count}
		thread-supplier.max-detached-thread-count.elapsed-time-threshold-from-last-increase-for-gradual-decreasing-to-initial-value=\
			30000
		thread-supplier.max-detached-thread-count.increasing-step=\
			autodetect
		thread-supplier.max-poolable-thread-count=\
			autodetect
		thread-supplier.poolable-thread-request-timeout=\
			6000


2024-09-19 02:03:59.774 [Worker-213: Building] - org.burningwave.core.jvm.BufferHandler - (BufferHandler.java:127) - default buffer size: 1024 bytes
2024-09-19 02:03:59.775 [Worker-213: Building] - org.burningwave.core.jvm.BufferHandler - (BufferHandler.java:141) - default allocation mode: ByteBuffer::allocateDirect
2024-09-19 02:03:59.778 [Worker-213: Building] - org.burningwave.core.Cache - (Cache.java:76) - Building cache
2024-09-19 02:03:59.800 [Worker-213: Building] - org.burningwave.core.assembler.StaticComponentContainer - (StaticComponentContainer.java:432) - org.burningwave.core.assembler.StaticComponentContainer initialized in 0.133711875 seconds
jdk.internal.loader.ClassLoaders$PlatformClassLoader@5350f9d6 instantiated
2024-09-19 11:28:04.526 [Burningwave - Resource releaser] - org.burningwave.core.assembler.StaticComponentContainer - (StaticComponentContainer.java:380) - ... Waiting for all tasks ending
2024-09-19 11:28:04.529 [Burningwave - Resource releaser] - org.burningwave.core.assembler.StaticComponentContainer - (StaticComponentContainer.java:386) - Closing all component containers
2024-09-19 11:28:04.532 [Burningwave - Resource releaser] - org.burningwave.core.assembler.StaticComponentContainer - (StaticComponentContainer.java:392) - Closing FileSystemHelper
2024-09-19 11:28:04.533 [Burningwave - Resource releaser] - org.burningwave.core.assembler.StaticComponentContainer - (StaticComponentContainer.java:398) - ... Waiting for all tasks ending before shutting down the BackgroundExecutor
2024-09-19 11:28:04.533 [Burningwave - Resource releaser] - org.burningwave.core.assembler.StaticComponentContainer - (StaticComponentContainer.java:403) - Shutting down BackgroundExecutor
2024-09-19 11:28:04.533 [Burningwave - Resource releaser] - org.burningwave.core.assembler.StaticComponentContainer - (StaticComponentContainer.java:409) - Stopping all threads monitoring thread
2024-09-19 11:28:04.533 [Burningwave - Resource releaser] - org.burningwave.core.assembler.StaticComponentContainer - (StaticComponentContainer.java:414) - Closing ThreadHolder
2024-09-19 11:28:04.534 [Burningwave - Resource releaser] - org.burningwave.core.assembler.StaticComponentContainer - (StaticComponentContainer.java:419) - Shutting down ThreadSupplier
