2024-06-15 22:54:53.046 eclipse[17943:3157993] WARNING: Secure coding is not enabled for restorable state! Enable secure coding by implementing NSApplicationDelegate.applicationSupportsSecureRestorableState: and returning YES.
WARNING: Using incubator modules: jdk.incubator.vector
Jun 15, 2024 10:54:54 PM org.apache.aries.spifly.BaseActivator log
INFO: Registered provider ch.qos.logback.classic.spi.LogbackServiceProvider of service org.slf4j.spi.SLF4JServiceProvider in bundle ch.qos.logback.classic
22:54:55.244 [Start Level: Equinox Container: ede6ff9d-e018-4c38-b6b7-9e682f99a5e3] DEBUG org.eclipse.jgit.internal.util.ShutdownHook -- register org.eclipse.jgit.util.FS$FileStoreAttributes$$Lambda/0x000000880119f230@2b3e83b8 with shutdown hook
22:54:55.244 [Start Level: Equinox Container: ede6ff9d-e018-4c38-b6b7-9e682f99a5e3] DEBUG org.eclipse.jgit.internal.util.ShutdownHook -- register org.eclipse.jgit.util.FS$FileStoreAttributes$$Lambda/0x000000880119f230@2b3e83b8 with shutdown hook
Jun 15, 2024 10:54:55 PM org.apache.aries.spifly.BaseActivator log
INFO: Registered provider com.sun.tools.rngdatatype.helpers.ProxyDatatypeLibraryFactory of service com.sun.tools.rngdatatype.DatatypeLibraryFactory in bundle com.sun.xml.bind.jaxb-osgi
Jun 15, 2024 10:54:55 PM org.apache.aries.spifly.BaseActivator log
INFO: Registered provider com.sun.tools.xjc.addon.code_injector.PluginImpl of service com.sun.tools.xjc.Plugin in bundle com.sun.xml.bind.jaxb-osgi
Jun 15, 2024 10:54:55 PM org.apache.aries.spifly.BaseActivator log
INFO: Registered provider com.sun.tools.xjc.addon.locator.SourceLocationAddOn of service com.sun.tools.xjc.Plugin in bundle com.sun.xml.bind.jaxb-osgi
Jun 15, 2024 10:54:55 PM org.apache.aries.spifly.BaseActivator log
INFO: Registered provider com.sun.tools.xjc.addon.sync.SynchronizedMethodAddOn of service com.sun.tools.xjc.Plugin in bundle com.sun.xml.bind.jaxb-osgi
Jun 15, 2024 10:54:55 PM org.apache.aries.spifly.BaseActivator log
INFO: Registered provider com.sun.tools.xjc.addon.at_generated.PluginImpl of service com.sun.tools.xjc.Plugin in bundle com.sun.xml.bind.jaxb-osgi
Jun 15, 2024 10:54:55 PM org.apache.aries.spifly.BaseActivator log
INFO: Registered provider com.sun.tools.xjc.addon.episode.PluginImpl of service com.sun.tools.xjc.Plugin in bundle com.sun.xml.bind.jaxb-osgi
Jun 15, 2024 10:54:55 PM org.apache.aries.spifly.BaseActivator log
INFO: Registered provider com.sun.tools.xjc.addon.accessors.PluginImpl of service com.sun.tools.xjc.Plugin in bundle com.sun.xml.bind.jaxb-osgi
Jun 15, 2024 10:54:55 PM org.apache.aries.spifly.BaseActivator log
INFO: Registered provider org.glassfish.jaxb.runtime.v2.JAXBContextFactory of service jakarta.xml.bind.JAXBContextFactory in bundle com.sun.xml.bind.jaxb-osgi
22:55:10.894 [main] DEBUG org.eclipse.m2e.core.internal.project.registry.ProjectRegistryRefreshJob -- Queued refresh request: []
22:55:10.894 [main] DEBUG org.eclipse.m2e.core.internal.project.registry.ProjectRegistryRefreshJob -- Queued refresh request: []
2024-06-15 22:55:13.909 eclipse[17943:3157993] *** WARNING: Method convertPointToBase: in class NSView is deprecated on 10.7 and later. It should not be used in new applications. 


  ____                           _                                                   
 |  _ \                         (_)                                                  
 | |_) |  _   _   _ __   _ __    _   _ __     __ _  __      __   __ _  __   __   ___ 
 |  _ <  | | | | | '__| | '_ \  | | | '_ \   / _` | \ \ /\ / /  / _` | \ \ / /  / _ \
 | |_) | | |_| | | |    | | | | | | | | | | | (_| |  \ V  V /  | (_| |  \ V /  |  __/
 |____/   \__,_| |_|    |_| |_| |_| |_| |_|  \__, |   \_/\_/    \__,_|   \_/    \___|
                                              __/ |                                  
                                             |___/                                   


2024-06-15 10:56:29.947 [Worker-7: Refreshing workspace] - org.burningwave.core.assembler.StaticComponentContainer - (StaticComponentContainer.java:354) - No custom properties found for file burningwave.static.properties
2024-06-15 10:56:29.947 [Worker-7: Refreshing workspace] - org.burningwave.core.assembler.StaticComponentContainer - (StaticComponentContainer.java:356) - Instantiated org.burningwave.core.SimpleManagedLoggerRepository
2024-06-15 10:56:29.948 [Worker-7: Refreshing workspace] - org.burningwave.core.assembler.StaticComponentContainer - (StaticComponentContainer.java:357) - 

	Configuration values for static components:

		background-executor.all-tasks-monitoring.enabled=\
			true
		background-executor.all-tasks-monitoring.interval=\
			30000
		background-executor.all-tasks-monitoring.logger.enabled=\
			false
		background-executor.all-tasks-monitoring.minimum-elapsed-time-to-consider-a-task-as-probable-dead-locked=\
			300000
		background-executor.all-tasks-monitoring.probable-dead-locked-tasks-handling.policy=\
			log only
		background-executor.queued-task-executor[0].name=\
			Low priority tasks
		background-executor.queued-task-executor[0].priority=\
			1
		background-executor.queued-task-executor[1].name=\
			Normal priority tasks
		background-executor.queued-task-executor[1].priority=\
			5
		background-executor.queued-task-executor[2].name=\
			High priority tasks
		background-executor.queued-task-executor[2].priority=\
			10
		background-executor.task-creation-tracking.enabled=\
			${background-executor.all-tasks-monitoring.enabled}
		banner.file=\
			org/burningwave/banner.bwb
		banner.hide=\
			false
		buffer-handler.default-allocation-mode=\
			ByteBuffer::allocateDirect
		buffer-handler.default-buffer-size=\
			1024
		group-name-for-named-elements=\
			Burningwave
		iterable-object-helper.default-values-separator=\
			;
		iterable-object-helper.parallel-iteration.applicability.default-minimum-collection-size=\
			2
		iterable-object-helper.parallel-iteration.applicability.max-runtime-thread-count-threshold=\
			autodetect
		iterable-object-helper.parallel-iteration.applicability.output-collection-enabled-types=\
			java.util.concurrent.ConcurrentHashMap$CollectionView;\
			java.util.Collections$SynchronizedCollection;\
			java.util.concurrent.CopyOnWriteArrayList;\
			java.util.concurrent.CopyOnWriteArraySet;\
			java.util.concurrent.BlockingQueue;\
			java.util.concurrent.ConcurrentSkipListSet;\
			java.util.concurrent.ConcurrentSkipListMap$EntrySet;\
			java.util.concurrent.ConcurrentSkipListMap$KeySet;\
			java.util.concurrent.ConcurrentSkipListMap$Values;
		jvm.driver.init=\
			false
		managed-logger.repository=\
			autodetect
		managed-logger.repository.enabled=\
			true
		managed-logger.repository.logging.warn.disabled-for=\
			org.burningwave.core.assembler.ComponentContainer$ClassLoader;\
			org.burningwave.core.classes.MemoryClassLoader;\
			org.burningwave.core.classes.PathScannerClassLoader;
		modules.export-all-to-all=\
			true
		resource-releaser.enabled=\
			true
		synchronizer.all-threads-monitoring.enabled=\
			false
		synchronizer.all-threads-monitoring.interval=\
			90000
		thread-supplier.default-daemon-flag-value=\
			true
		thread-supplier.default-thread-priority=\
			5
		thread-supplier.max-detached-thread-count=\
			${thread-supplier.max-poolable-thread-count}
		thread-supplier.max-detached-thread-count.elapsed-time-threshold-from-last-increase-for-gradual-decreasing-to-initial-value=\
			30000
		thread-supplier.max-detached-thread-count.increasing-step=\
			autodetect
		thread-supplier.max-poolable-thread-count=\
			autodetect
		thread-supplier.poolable-thread-request-timeout=\
			6000


2024-06-15 10:56:29.950 [Worker-7: Refreshing workspace] - org.burningwave.core.jvm.BufferHandler - (BufferHandler.java:127) - default buffer size: 1024 bytes
2024-06-15 10:56:29.950 [Worker-7: Refreshing workspace] - org.burningwave.core.jvm.BufferHandler - (BufferHandler.java:141) - default allocation mode: ByteBuffer::allocateDirect
2024-06-15 10:56:29.952 [Worker-7: Refreshing workspace] - org.burningwave.core.Cache - (Cache.java:76) - Building cache
2024-06-15 10:56:29.969 [Worker-7: Refreshing workspace] - org.burningwave.core.assembler.StaticComponentContainer - (StaticComponentContainer.java:432) - org.burningwave.core.assembler.StaticComponentContainer initialized in 0.064996959 seconds
jdk.internal.loader.ClassLoaders$PlatformClassLoader@4a34c7e8 instantiated
java.util.concurrent.ExecutionException: org.eclipse.lsp4j.jsonrpc.ResponseErrorException: Internal error.
	at java.base/java.util.concurrent.CompletableFuture.reportGet(CompletableFuture.java:396)
	at java.base/java.util.concurrent.CompletableFuture.get(CompletableFuture.java:2096)
	at org.springframework.tooling.boot.ls.commands.LiveProcessCommandsQuickAccessProvider.computeElements(LiveProcessCommandsQuickAccessProvider.java:72)
	at org.eclipse.ui.internal.quickaccess.QuickAccessExtensionManager$QuickAccessProviderExtensionProxy.lambda$2(QuickAccessExtensionManager.java:153)
	at org.eclipse.core.runtime.SafeRunner.run(SafeRunner.java:75)
	at org.eclipse.ui.internal.quickaccess.QuickAccessExtensionManager$QuickAccessProviderExtensionProxy.getElements(QuickAccessExtensionManager.java:152)
	at org.eclipse.ui.internal.quickaccess.QuickAccessProvider.getElementsSorted(QuickAccessProvider.java:92)
	at org.eclipse.ui.internal.quickaccess.QuickAccessExtensionManager$QuickAccessProviderExtensionProxy.getElementsSorted(QuickAccessExtensionManager.java:132)
	at org.eclipse.ui.internal.quickaccess.QuickAccessContents.computeMatchingEntries(QuickAccessContents.java:409)
	at org.eclipse.ui.internal.quickaccess.QuickAccessContents.lambda$0(QuickAccessContents.java:164)
	at org.eclipse.core.runtime.jobs.Job$1.run(Job.java:166)
	at org.eclipse.core.internal.jobs.Worker.run(Worker.java:63)
Caused by: org.eclipse.lsp4j.jsonrpc.ResponseErrorException: Internal error.
	at org.eclipse.lsp4j.jsonrpc.RemoteEndpoint.handleResponse(RemoteEndpoint.java:220)
	at org.eclipse.lsp4j.jsonrpc.RemoteEndpoint.consume(RemoteEndpoint.java:204)
	at org.eclipse.lsp4e.LanguageServerWrapper.lambda$3(LanguageServerWrapper.java:310)
	at org.eclipse.lsp4j.jsonrpc.json.StreamMessageProducer.handleMessage(StreamMessageProducer.java:194)
	at org.eclipse.lsp4j.jsonrpc.json.StreamMessageProducer.listen(StreamMessageProducer.java:94)
	at org.eclipse.lsp4j.jsonrpc.json.ConcurrentMessageProcessor.run(ConcurrentMessageProcessor.java:113)
	at java.base/java.util.concurrent.Executors$RunnableAdapter.call(Executors.java:572)
	at java.base/java.util.concurrent.FutureTask.run(FutureTask.java:317)
	at java.base/java.util.concurrent.ThreadPoolExecutor.runWorker(ThreadPoolExecutor.java:1144)
	at java.base/java.util.concurrent.ThreadPoolExecutor$Worker.run(ThreadPoolExecutor.java:642)
	at java.base/java.lang.Thread.run(Thread.java:1583)
java.util.concurrent.ExecutionException: org.eclipse.lsp4j.jsonrpc.ResponseErrorException: Internal error.
	at java.base/java.util.concurrent.CompletableFuture.reportGet(CompletableFuture.java:396)
	at java.base/java.util.concurrent.CompletableFuture.get(CompletableFuture.java:2096)
	at org.springframework.tooling.boot.ls.commands.LiveProcessCommandsQuickAccessProvider.computeElements(LiveProcessCommandsQuickAccessProvider.java:72)
	at org.eclipse.ui.internal.quickaccess.QuickAccessExtensionManager$QuickAccessProviderExtensionProxy.lambda$2(QuickAccessExtensionManager.java:153)
	at org.eclipse.core.runtime.SafeRunner.run(SafeRunner.java:75)
	at org.eclipse.ui.internal.quickaccess.QuickAccessExtensionManager$QuickAccessProviderExtensionProxy.getElements(QuickAccessExtensionManager.java:152)
	at org.eclipse.ui.internal.quickaccess.QuickAccessProvider.getElementsSorted(QuickAccessProvider.java:92)
	at org.eclipse.ui.internal.quickaccess.QuickAccessExtensionManager$QuickAccessProviderExtensionProxy.getElementsSorted(QuickAccessExtensionManager.java:132)
	at org.eclipse.ui.internal.quickaccess.QuickAccessContents.computeMatchingEntries(QuickAccessContents.java:409)
	at org.eclipse.ui.internal.quickaccess.QuickAccessContents.lambda$0(QuickAccessContents.java:164)
	at org.eclipse.core.runtime.jobs.Job$1.run(Job.java:166)
	at org.eclipse.core.internal.jobs.Worker.run(Worker.java:63)
Caused by: org.eclipse.lsp4j.jsonrpc.ResponseErrorException: Internal error.
	at org.eclipse.lsp4j.jsonrpc.RemoteEndpoint.handleResponse(RemoteEndpoint.java:220)
	at org.eclipse.lsp4j.jsonrpc.RemoteEndpoint.consume(RemoteEndpoint.java:204)
	at org.eclipse.lsp4e.LanguageServerWrapper.lambda$3(LanguageServerWrapper.java:310)
	at org.eclipse.lsp4j.jsonrpc.json.StreamMessageProducer.handleMessage(StreamMessageProducer.java:194)
	at org.eclipse.lsp4j.jsonrpc.json.StreamMessageProducer.listen(StreamMessageProducer.java:94)
	at org.eclipse.lsp4j.jsonrpc.json.ConcurrentMessageProcessor.run(ConcurrentMessageProcessor.java:113)
	at java.base/java.util.concurrent.Executors$RunnableAdapter.call(Executors.java:572)
	at java.base/java.util.concurrent.FutureTask.run(FutureTask.java:317)
	at java.base/java.util.concurrent.ThreadPoolExecutor.runWorker(ThreadPoolExecutor.java:1144)
	at java.base/java.util.concurrent.ThreadPoolExecutor$Worker.run(ThreadPoolExecutor.java:642)
	at java.base/java.lang.Thread.run(Thread.java:1583)
java.util.concurrent.ExecutionException: org.eclipse.lsp4j.jsonrpc.ResponseErrorException: Internal error.
	at java.base/java.util.concurrent.CompletableFuture.reportGet(CompletableFuture.java:396)
	at java.base/java.util.concurrent.CompletableFuture.get(CompletableFuture.java:2096)
	at org.springframework.tooling.boot.ls.commands.LiveProcessCommandsQuickAccessProvider.computeElements(LiveProcessCommandsQuickAccessProvider.java:72)
	at org.eclipse.ui.internal.quickaccess.QuickAccessExtensionManager$QuickAccessProviderExtensionProxy.lambda$2(QuickAccessExtensionManager.java:153)
	at org.eclipse.core.runtime.SafeRunner.run(SafeRunner.java:75)
	at org.eclipse.ui.internal.quickaccess.QuickAccessExtensionManager$QuickAccessProviderExtensionProxy.getElements(QuickAccessExtensionManager.java:152)
	at org.eclipse.ui.internal.quickaccess.QuickAccessProvider.getElementsSorted(QuickAccessProvider.java:92)
	at org.eclipse.ui.internal.quickaccess.QuickAccessExtensionManager$QuickAccessProviderExtensionProxy.getElementsSorted(QuickAccessExtensionManager.java:132)
	at org.eclipse.ui.internal.quickaccess.QuickAccessContents.computeMatchingEntries(QuickAccessContents.java:409)
	at org.eclipse.ui.internal.quickaccess.QuickAccessContents.lambda$0(QuickAccessContents.java:164)
	at org.eclipse.core.runtime.jobs.Job$1.run(Job.java:166)
	at org.eclipse.core.internal.jobs.Worker.run(Worker.java:63)
Caused by: org.eclipse.lsp4j.jsonrpc.ResponseErrorException: Internal error.
	at org.eclipse.lsp4j.jsonrpc.RemoteEndpoint.handleResponse(RemoteEndpoint.java:220)
	at org.eclipse.lsp4j.jsonrpc.RemoteEndpoint.consume(RemoteEndpoint.java:204)
	at org.eclipse.lsp4e.LanguageServerWrapper.lambda$3(LanguageServerWrapper.java:310)
	at org.eclipse.lsp4j.jsonrpc.json.StreamMessageProducer.handleMessage(StreamMessageProducer.java:194)
	at org.eclipse.lsp4j.jsonrpc.json.StreamMessageProducer.listen(StreamMessageProducer.java:94)
	at org.eclipse.lsp4j.jsonrpc.json.ConcurrentMessageProcessor.run(ConcurrentMessageProcessor.java:113)
	at java.base/java.util.concurrent.Executors$RunnableAdapter.call(Executors.java:572)
	at java.base/java.util.concurrent.FutureTask.run(FutureTask.java:317)
	at java.base/java.util.concurrent.ThreadPoolExecutor.runWorker(ThreadPoolExecutor.java:1144)
	at java.base/java.util.concurrent.ThreadPoolExecutor$Worker.run(ThreadPoolExecutor.java:642)
	at java.base/java.lang.Thread.run(Thread.java:1583)
java.util.concurrent.ExecutionException: org.eclipse.lsp4j.jsonrpc.ResponseErrorException: Internal error.
	at java.base/java.util.concurrent.CompletableFuture.reportGet(CompletableFuture.java:396)
	at java.base/java.util.concurrent.CompletableFuture.get(CompletableFuture.java:2096)
	at org.springframework.tooling.boot.ls.commands.LiveProcessCommandsQuickAccessProvider.computeElements(LiveProcessCommandsQuickAccessProvider.java:72)
	at org.eclipse.ui.internal.quickaccess.QuickAccessExtensionManager$QuickAccessProviderExtensionProxy.lambda$2(QuickAccessExtensionManager.java:153)
	at org.eclipse.core.runtime.SafeRunner.run(SafeRunner.java:75)
	at org.eclipse.ui.internal.quickaccess.QuickAccessExtensionManager$QuickAccessProviderExtensionProxy.getElements(QuickAccessExtensionManager.java:152)
	at org.eclipse.ui.internal.quickaccess.QuickAccessProvider.getElementsSorted(QuickAccessProvider.java:92)
	at org.eclipse.ui.internal.quickaccess.QuickAccessExtensionManager$QuickAccessProviderExtensionProxy.getElementsSorted(QuickAccessExtensionManager.java:132)
	at org.eclipse.ui.internal.quickaccess.QuickAccessContents.computeMatchingEntries(QuickAccessContents.java:409)
	at org.eclipse.ui.internal.quickaccess.QuickAccessContents.lambda$0(QuickAccessContents.java:164)
	at org.eclipse.core.runtime.jobs.Job$1.run(Job.java:166)
	at org.eclipse.core.internal.jobs.Worker.run(Worker.java:63)
Caused by: org.eclipse.lsp4j.jsonrpc.ResponseErrorException: Internal error.
	at org.eclipse.lsp4j.jsonrpc.RemoteEndpoint.handleResponse(RemoteEndpoint.java:220)
	at org.eclipse.lsp4j.jsonrpc.RemoteEndpoint.consume(RemoteEndpoint.java:204)
	at org.eclipse.lsp4e.LanguageServerWrapper.lambda$3(LanguageServerWrapper.java:310)
	at org.eclipse.lsp4j.jsonrpc.json.StreamMessageProducer.handleMessage(StreamMessageProducer.java:194)
	at org.eclipse.lsp4j.jsonrpc.json.StreamMessageProducer.listen(StreamMessageProducer.java:94)
	at org.eclipse.lsp4j.jsonrpc.json.ConcurrentMessageProcessor.run(ConcurrentMessageProcessor.java:113)
	at java.base/java.util.concurrent.Executors$RunnableAdapter.call(Executors.java:572)
	at java.base/java.util.concurrent.FutureTask.run(FutureTask.java:317)
	at java.base/java.util.concurrent.ThreadPoolExecutor.runWorker(ThreadPoolExecutor.java:1144)
	at java.base/java.util.concurrent.ThreadPoolExecutor$Worker.run(ThreadPoolExecutor.java:642)
	at java.base/java.lang.Thread.run(Thread.java:1583)
2024-06-16 00:28:46.746 eclipse[46416:3299500] WARNING: Secure coding is not enabled for restorable state! Enable secure coding by implementing NSApplicationDelegate.applicationSupportsSecureRestorableState: and returning YES.
WARNING: Using incubator modules: jdk.incubator.vector
Jun 16, 2024 12:28:47 AM org.apache.aries.spifly.BaseActivator log
INFO: Registered provider ch.qos.logback.classic.spi.LogbackServiceProvider of service org.slf4j.spi.SLF4JServiceProvider in bundle ch.qos.logback.classic
00:28:48.770 [Start Level: Equinox Container: f3dd7780-2aae-411c-9264-e948d9ffeb83] DEBUG org.eclipse.jgit.internal.util.ShutdownHook -- register org.eclipse.jgit.util.FS$FileStoreAttributes$$Lambda/0x00000006011a3230@7feb2aee with shutdown hook
00:28:48.770 [Start Level: Equinox Container: f3dd7780-2aae-411c-9264-e948d9ffeb83] DEBUG org.eclipse.jgit.internal.util.ShutdownHook -- register org.eclipse.jgit.util.FS$FileStoreAttributes$$Lambda/0x00000006011a3230@7feb2aee with shutdown hook
Jun 16, 2024 12:28:49 AM org.apache.aries.spifly.BaseActivator log
INFO: Registered provider com.sun.tools.rngdatatype.helpers.ProxyDatatypeLibraryFactory of service com.sun.tools.rngdatatype.DatatypeLibraryFactory in bundle com.sun.xml.bind.jaxb-osgi
Jun 16, 2024 12:28:49 AM org.apache.aries.spifly.BaseActivator log
INFO: Registered provider com.sun.tools.xjc.addon.code_injector.PluginImpl of service com.sun.tools.xjc.Plugin in bundle com.sun.xml.bind.jaxb-osgi
Jun 16, 2024 12:28:49 AM org.apache.aries.spifly.BaseActivator log
INFO: Registered provider com.sun.tools.xjc.addon.locator.SourceLocationAddOn of service com.sun.tools.xjc.Plugin in bundle com.sun.xml.bind.jaxb-osgi
Jun 16, 2024 12:28:49 AM org.apache.aries.spifly.BaseActivator log
INFO: Registered provider com.sun.tools.xjc.addon.sync.SynchronizedMethodAddOn of service com.sun.tools.xjc.Plugin in bundle com.sun.xml.bind.jaxb-osgi
Jun 16, 2024 12:28:49 AM org.apache.aries.spifly.BaseActivator log
INFO: Registered provider com.sun.tools.xjc.addon.at_generated.PluginImpl of service com.sun.tools.xjc.Plugin in bundle com.sun.xml.bind.jaxb-osgi
Jun 16, 2024 12:28:49 AM org.apache.aries.spifly.BaseActivator log
INFO: Registered provider com.sun.tools.xjc.addon.episode.PluginImpl of service com.sun.tools.xjc.Plugin in bundle com.sun.xml.bind.jaxb-osgi
Jun 16, 2024 12:28:49 AM org.apache.aries.spifly.BaseActivator log
INFO: Registered provider com.sun.tools.xjc.addon.accessors.PluginImpl of service com.sun.tools.xjc.Plugin in bundle com.sun.xml.bind.jaxb-osgi
Jun 16, 2024 12:28:49 AM org.apache.aries.spifly.BaseActivator log
INFO: Registered provider org.glassfish.jaxb.runtime.v2.JAXBContextFactory of service jakarta.xml.bind.JAXBContextFactory in bundle com.sun.xml.bind.jaxb-osgi
00:28:49.868 [main] DEBUG org.eclipse.m2e.core.internal.project.registry.ProjectRegistryRefreshJob -- Queued refresh request: []
00:28:49.868 [main] DEBUG org.eclipse.m2e.core.internal.project.registry.ProjectRegistryRefreshJob -- Queued refresh request: []
2024-06-16 00:28:53.263 eclipse[46416:3299500] *** WARNING: Method convertPointToBase: in class NSView is deprecated on 10.7 and later. It should not be used in new applications. 
Jun 16, 2024 12:32:31 AM org.eclipse.tm4e.core.registry.Registry _doLoadSingleGrammar
WARNING: No grammar source for scope [source.java]
Jun 16, 2024 12:32:31 AM org.eclipse.tm4e.core.internal.rule.RuleFactory _compilePatterns
WARNING: CANNOT find grammar for scopeName [source.java]. I am [source.xml@org.eclipse.wildwebdeveloper.xml]
Jun 16, 2024 12:32:31 AM org.eclipse.tm4e.core.internal.rule.RuleFactory _compilePatterns
WARNING: REMOVING BeginEndRule{id=79,name=source.java.embedded.xml} ENTIRELY DUE TO EMPTY PATTERNS THAT ARE MISSING


  ____                           _                                                   
 |  _ \                         (_)                                                  
 | |_) |  _   _   _ __   _ __    _   _ __     __ _  __      __   __ _  __   __   ___ 
 |  _ <  | | | | | '__| | '_ \  | | | '_ \   / _` | \ \ /\ / /  / _` | \ \ / /  / _ \
 | |_) | | |_| | | |    | | | | | | | | | | | (_| |  \ V  V /  | (_| |  \ V /  |  __/
 |____/   \__,_| |_|    |_| |_| |_| |_| |_|  \__, |   \_/\_/    \__,_|   \_/    \___|
                                              __/ |                                  
                                             |___/                                   


2024-06-16 01:05:47.292 [Worker-45: Building] - org.burningwave.core.assembler.StaticComponentContainer - (StaticComponentContainer.java:354) - No custom properties found for file burningwave.static.properties
2024-06-16 01:05:47.293 [Worker-45: Building] - org.burningwave.core.assembler.StaticComponentContainer - (StaticComponentContainer.java:356) - Instantiated org.burningwave.core.SimpleManagedLoggerRepository
2024-06-16 01:05:47.294 [Worker-45: Building] - org.burningwave.core.assembler.StaticComponentContainer - (StaticComponentContainer.java:357) - 

	Configuration values for static components:

		background-executor.all-tasks-monitoring.enabled=\
			true
		background-executor.all-tasks-monitoring.interval=\
			30000
		background-executor.all-tasks-monitoring.logger.enabled=\
			false
		background-executor.all-tasks-monitoring.minimum-elapsed-time-to-consider-a-task-as-probable-dead-locked=\
			300000
		background-executor.all-tasks-monitoring.probable-dead-locked-tasks-handling.policy=\
			log only
		background-executor.queued-task-executor[0].name=\
			Low priority tasks
		background-executor.queued-task-executor[0].priority=\
			1
		background-executor.queued-task-executor[1].name=\
			Normal priority tasks
		background-executor.queued-task-executor[1].priority=\
			5
		background-executor.queued-task-executor[2].name=\
			High priority tasks
		background-executor.queued-task-executor[2].priority=\
			10
		background-executor.task-creation-tracking.enabled=\
			${background-executor.all-tasks-monitoring.enabled}
		banner.file=\
			org/burningwave/banner.bwb
		banner.hide=\
			false
		buffer-handler.default-allocation-mode=\
			ByteBuffer::allocateDirect
		buffer-handler.default-buffer-size=\
			1024
		group-name-for-named-elements=\
			Burningwave
		iterable-object-helper.default-values-separator=\
			;
		iterable-object-helper.parallel-iteration.applicability.default-minimum-collection-size=\
			2
		iterable-object-helper.parallel-iteration.applicability.max-runtime-thread-count-threshold=\
			autodetect
		iterable-object-helper.parallel-iteration.applicability.output-collection-enabled-types=\
			java.util.concurrent.ConcurrentHashMap$CollectionView;\
			java.util.Collections$SynchronizedCollection;\
			java.util.concurrent.CopyOnWriteArrayList;\
			java.util.concurrent.CopyOnWriteArraySet;\
			java.util.concurrent.BlockingQueue;\
			java.util.concurrent.ConcurrentSkipListSet;\
			java.util.concurrent.ConcurrentSkipListMap$EntrySet;\
			java.util.concurrent.ConcurrentSkipListMap$KeySet;\
			java.util.concurrent.ConcurrentSkipListMap$Values;
		jvm.driver.init=\
			false
		managed-logger.repository=\
			autodetect
		managed-logger.repository.enabled=\
			true
		managed-logger.repository.logging.warn.disabled-for=\
			org.burningwave.core.assembler.ComponentContainer$ClassLoader;\
			org.burningwave.core.classes.MemoryClassLoader;\
			org.burningwave.core.classes.PathScannerClassLoader;
		modules.export-all-to-all=\
			true
		resource-releaser.enabled=\
			true
		synchronizer.all-threads-monitoring.enabled=\
			false
		synchronizer.all-threads-monitoring.interval=\
			90000
		thread-supplier.default-daemon-flag-value=\
			true
		thread-supplier.default-thread-priority=\
			5
		thread-supplier.max-detached-thread-count=\
			${thread-supplier.max-poolable-thread-count}
		thread-supplier.max-detached-thread-count.elapsed-time-threshold-from-last-increase-for-gradual-decreasing-to-initial-value=\
			30000
		thread-supplier.max-detached-thread-count.increasing-step=\
			autodetect
		thread-supplier.max-poolable-thread-count=\
			autodetect
		thread-supplier.poolable-thread-request-timeout=\
			6000


2024-06-16 01:05:47.295 [Worker-45: Building] - org.burningwave.core.jvm.BufferHandler - (BufferHandler.java:127) - default buffer size: 1024 bytes
2024-06-16 01:05:47.295 [Worker-45: Building] - org.burningwave.core.jvm.BufferHandler - (BufferHandler.java:141) - default allocation mode: ByteBuffer::allocateDirect
2024-06-16 01:05:47.297 [Worker-45: Building] - org.burningwave.core.Cache - (Cache.java:76) - Building cache
2024-06-16 01:05:47.309 [Worker-45: Building] - org.burningwave.core.assembler.StaticComponentContainer - (StaticComponentContainer.java:432) - org.burningwave.core.assembler.StaticComponentContainer initialized in 0.069548041 seconds
jdk.internal.loader.ClassLoaders$PlatformClassLoader@421f9cbf instantiated
[Fatal Error] :2:6: The processing instruction target matching "[xX][mM][lL]" is not allowed.
2024-06-16 01:15:53.842 [Burningwave - Resource releaser] - org.burningwave.core.assembler.StaticComponentContainer - (StaticComponentContainer.java:380) - ... Waiting for all tasks ending
2024-06-16 01:15:53.842 [Burningwave - Resource releaser] - org.burningwave.core.assembler.StaticComponentContainer - (StaticComponentContainer.java:386) - Closing all component containers
2024-06-16 01:15:53.844 [Burningwave - Resource releaser] - org.burningwave.core.assembler.StaticComponentContainer - (StaticComponentContainer.java:392) - Closing FileSystemHelper
2024-06-16 01:15:53.844 [Burningwave - Resource releaser] - org.burningwave.core.assembler.StaticComponentContainer - (StaticComponentContainer.java:398) - ... Waiting for all tasks ending before shutting down the BackgroundExecutor
2024-06-16 01:15:53.844 [Burningwave - Resource releaser] - org.burningwave.core.assembler.StaticComponentContainer - (StaticComponentContainer.java:403) - Shutting down BackgroundExecutor
2024-06-16 01:15:53.844 [Burningwave - Resource releaser] - org.burningwave.core.assembler.StaticComponentContainer - (StaticComponentContainer.java:409) - Stopping all threads monitoring thread
2024-06-16 01:15:53.845 [Burningwave - Resource releaser] - org.burningwave.core.assembler.StaticComponentContainer - (StaticComponentContainer.java:414) - Closing ThreadHolder
2024-06-16 01:15:53.845 [Burningwave - Resource releaser] - org.burningwave.core.assembler.StaticComponentContainer - (StaticComponentContainer.java:419) - Shutting down ThreadSupplier
