2024-06-16 01:16:02.872 eclipse[66701:3395272] WARNING: Secure coding is not enabled for restorable state! Enable secure coding by implementing NSApplicationDelegate.applicationSupportsSecureRestorableState: and returning YES.
WARNING: Using incubator modules: jdk.incubator.vector
Jun 16, 2024 1:16:03 AM org.apache.aries.spifly.BaseActivator log
INFO: Registered provider ch.qos.logback.classic.spi.LogbackServiceProvider of service org.slf4j.spi.SLF4JServiceProvider in bundle ch.qos.logback.classic
01:16:04.941 [Start Level: Equinox Container: a916fae0-93ac-4ed4-a057-2571bfe86c02] DEBUG org.eclipse.jgit.internal.util.ShutdownHook -- register org.eclipse.jgit.util.FS$FileStoreAttributes$$Lambda/0x00000008011a83e8@4f7efe18 with shutdown hook
01:16:04.941 [Start Level: Equinox Container: a916fae0-93ac-4ed4-a057-2571bfe86c02] DEBUG org.eclipse.jgit.internal.util.ShutdownHook -- register org.eclipse.jgit.util.FS$FileStoreAttributes$$Lambda/0x00000008011a83e8@4f7efe18 with shutdown hook
Jun 16, 2024 1:16:05 AM org.apache.aries.spifly.BaseActivator log
INFO: Registered provider com.sun.tools.rngdatatype.helpers.ProxyDatatypeLibraryFactory of service com.sun.tools.rngdatatype.DatatypeLibraryFactory in bundle com.sun.xml.bind.jaxb-osgi
Jun 16, 2024 1:16:05 AM org.apache.aries.spifly.BaseActivator log
INFO: Registered provider com.sun.tools.xjc.addon.code_injector.PluginImpl of service com.sun.tools.xjc.Plugin in bundle com.sun.xml.bind.jaxb-osgi
Jun 16, 2024 1:16:05 AM org.apache.aries.spifly.BaseActivator log
INFO: Registered provider com.sun.tools.xjc.addon.locator.SourceLocationAddOn of service com.sun.tools.xjc.Plugin in bundle com.sun.xml.bind.jaxb-osgi
Jun 16, 2024 1:16:05 AM org.apache.aries.spifly.BaseActivator log
INFO: Registered provider com.sun.tools.xjc.addon.sync.SynchronizedMethodAddOn of service com.sun.tools.xjc.Plugin in bundle com.sun.xml.bind.jaxb-osgi
Jun 16, 2024 1:16:05 AM org.apache.aries.spifly.BaseActivator log
INFO: Registered provider com.sun.tools.xjc.addon.at_generated.PluginImpl of service com.sun.tools.xjc.Plugin in bundle com.sun.xml.bind.jaxb-osgi
Jun 16, 2024 1:16:05 AM org.apache.aries.spifly.BaseActivator log
INFO: Registered provider com.sun.tools.xjc.addon.episode.PluginImpl of service com.sun.tools.xjc.Plugin in bundle com.sun.xml.bind.jaxb-osgi
Jun 16, 2024 1:16:05 AM org.apache.aries.spifly.BaseActivator log
INFO: Registered provider com.sun.tools.xjc.addon.accessors.PluginImpl of service com.sun.tools.xjc.Plugin in bundle com.sun.xml.bind.jaxb-osgi
Jun 16, 2024 1:16:05 AM org.apache.aries.spifly.BaseActivator log
INFO: Registered provider org.glassfish.jaxb.runtime.v2.JAXBContextFactory of service jakarta.xml.bind.JAXBContextFactory in bundle com.sun.xml.bind.jaxb-osgi


   ___                      _                                             
  / __\ _   _  _ __  _ __  (_) _ __    __ _ __      __  __ _ __   __  ___ 
 /__\//| | | || '__|| '_ \ | || '_ \  / _` |\ \ /\ / / / _` |\ \ / / / _ \
/ \/  \| |_| || |   | | | || || | | || (_| | \ V  V / | (_| | \ V / |  __/
\_____/ \__,_||_|   |_| |_||_||_| |_| \__, |  \_/\_/   \__,_|  \_/   \___|
                                      |___/                               


2024-06-16 01:16:19.761 [Worker-1: Generating diff] - org.burningwave.core.assembler.StaticComponentContainer - (StaticComponentContainer.java:354) - No custom properties found for file burningwave.static.properties
2024-06-16 01:16:19.761 [Worker-1: Generating diff] - org.burningwave.core.assembler.StaticComponentContainer - (StaticComponentContainer.java:356) - Instantiated org.burningwave.core.SimpleManagedLoggerRepository
2024-06-16 01:16:19.764 [Worker-1: Generating diff] - org.burningwave.core.assembler.StaticComponentContainer - (StaticComponentContainer.java:357) - 

	Configuration values for static components:

		background-executor.all-tasks-monitoring.enabled=\
			true
		background-executor.all-tasks-monitoring.interval=\
			30000
		background-executor.all-tasks-monitoring.logger.enabled=\
			false
		background-executor.all-tasks-monitoring.minimum-elapsed-time-to-consider-a-task-as-probable-dead-locked=\
			300000
		background-executor.all-tasks-monitoring.probable-dead-locked-tasks-handling.policy=\
			log only
		background-executor.queued-task-executor[0].name=\
			Low priority tasks
		background-executor.queued-task-executor[0].priority=\
			1
		background-executor.queued-task-executor[1].name=\
			Normal priority tasks
		background-executor.queued-task-executor[1].priority=\
			5
		background-executor.queued-task-executor[2].name=\
			High priority tasks
		background-executor.queued-task-executor[2].priority=\
			10
		background-executor.task-creation-tracking.enabled=\
			${background-executor.all-tasks-monitoring.enabled}
		banner.file=\
			org/burningwave/banner.bwb
		banner.hide=\
			false
		buffer-handler.default-allocation-mode=\
			ByteBuffer::allocateDirect
		buffer-handler.default-buffer-size=\
			1024
		group-name-for-named-elements=\
			Burningwave
		iterable-object-helper.default-values-separator=\
			;
		iterable-object-helper.parallel-iteration.applicability.default-minimum-collection-size=\
			2
		iterable-object-helper.parallel-iteration.applicability.max-runtime-thread-count-threshold=\
			autodetect
		iterable-object-helper.parallel-iteration.applicability.output-collection-enabled-types=\
			java.util.concurrent.ConcurrentHashMap$CollectionView;\
			java.util.Collections$SynchronizedCollection;\
			java.util.concurrent.CopyOnWriteArrayList;\
			java.util.concurrent.CopyOnWriteArraySet;\
			java.util.concurrent.BlockingQueue;\
			java.util.concurrent.ConcurrentSkipListSet;\
			java.util.concurrent.ConcurrentSkipListMap$EntrySet;\
			java.util.concurrent.ConcurrentSkipListMap$KeySet;\
			java.util.concurrent.ConcurrentSkipListMap$Values;
		jvm.driver.init=\
			false
		managed-logger.repository=\
			autodetect
		managed-logger.repository.enabled=\
			true
		managed-logger.repository.logging.warn.disabled-for=\
			org.burningwave.core.assembler.ComponentContainer$ClassLoader;\
			org.burningwave.core.classes.MemoryClassLoader;\
			org.burningwave.core.classes.PathScannerClassLoader;
		modules.export-all-to-all=\
			true
		resource-releaser.enabled=\
			true
		synchronizer.all-threads-monitoring.enabled=\
			false
		synchronizer.all-threads-monitoring.interval=\
			90000
		thread-supplier.default-daemon-flag-value=\
			true
		thread-supplier.default-thread-priority=\
			5
		thread-supplier.max-detached-thread-count=\
			${thread-supplier.max-poolable-thread-count}
		thread-supplier.max-detached-thread-count.elapsed-time-threshold-from-last-increase-for-gradual-decreasing-to-initial-value=\
			30000
		thread-supplier.max-detached-thread-count.increasing-step=\
			autodetect
		thread-supplier.max-poolable-thread-count=\
			autodetect
		thread-supplier.poolable-thread-request-timeout=\
			6000


2024-06-16 01:16:19.768 [Worker-1: Generating diff] - org.burningwave.core.jvm.BufferHandler - (BufferHandler.java:127) - default buffer size: 1024 bytes
2024-06-16 01:16:19.769 [Worker-1: Generating diff] - org.burningwave.core.jvm.BufferHandler - (BufferHandler.java:141) - default allocation mode: ByteBuffer::allocateDirect
2024-06-16 01:16:19.772 [Worker-1: Generating diff] - org.burningwave.core.Cache - (Cache.java:76) - Building cache
2024-06-16 01:16:19.790 [Worker-1: Generating diff] - org.burningwave.core.assembler.StaticComponentContainer - (StaticComponentContainer.java:432) - org.burningwave.core.assembler.StaticComponentContainer initialized in 0.17302975 seconds
jdk.internal.loader.ClassLoaders$PlatformClassLoader@4049dde0 instantiated
Jun 16, 2024 3:00:46 PM org.eclipse.lsp4j.jsonrpc.RemoteEndpoint notify
INFO: Failed to send notification message.
org.eclipse.lsp4j.jsonrpc.JsonRpcException: java.io.IOException: Stream closed
	at org.eclipse.lsp4j.jsonrpc.json.StreamMessageConsumer.consume(StreamMessageConsumer.java:72)
	at org.eclipse.lsp4e.LanguageServerWrapper.lambda$3(LanguageServerWrapper.java:310)
	at org.eclipse.lsp4j.jsonrpc.RemoteEndpoint.notify(RemoteEndpoint.java:135)
	at org.eclipse.lsp4j.jsonrpc.services.EndpointProxy.invoke(EndpointProxy.java:88)
	at jdk.proxy21/jdk.proxy21.$Proxy87.exit(Unknown Source)
	at org.eclipse.lsp4e.LanguageServerWrapper.lambda$10(LanguageServerWrapper.java:506)
	at java.base/java.util.concurrent.CompletableFuture$AsyncRun.run(CompletableFuture.java:1804)
	at java.base/java.util.concurrent.CompletableFuture$AsyncRun.exec(CompletableFuture.java:1796)
	at java.base/java.util.concurrent.ForkJoinTask.doExec(ForkJoinTask.java:387)
	at java.base/java.util.concurrent.ForkJoinPool$WorkQueue.topLevelExec(ForkJoinPool.java:1312)
	at java.base/java.util.concurrent.ForkJoinPool.scan(ForkJoinPool.java:1843)
	at java.base/java.util.concurrent.ForkJoinPool.runWorker(ForkJoinPool.java:1808)
	at java.base/java.util.concurrent.ForkJoinWorkerThread.run(ForkJoinWorkerThread.java:188)
Caused by: java.io.IOException: Stream closed
	at java.base/java.lang.ProcessBuilder$NullOutputStream.write(ProcessBuilder.java:447)
	at java.base/java.io.OutputStream.write(OutputStream.java:167)
	at java.base/java.io.BufferedOutputStream.flushBuffer(BufferedOutputStream.java:125)
	at java.base/java.io.BufferedOutputStream.implFlush(BufferedOutputStream.java:252)
	at java.base/java.io.BufferedOutputStream.flush(BufferedOutputStream.java:246)
	at org.eclipse.lsp4j.jsonrpc.json.StreamMessageConsumer.consume(StreamMessageConsumer.java:69)
	... 12 more

Jun 16, 2024 3:02:25 PM org.eclipse.tm4e.core.registry.Registry _doLoadSingleGrammar
WARNING: No grammar source for scope [source.java]
Jun 16, 2024 3:02:25 PM org.eclipse.tm4e.core.internal.rule.RuleFactory _compilePatterns
WARNING: CANNOT find grammar for scopeName [source.java]. I am [source.xml@org.eclipse.wildwebdeveloper.xml]
Jun 16, 2024 3:02:25 PM org.eclipse.tm4e.core.internal.rule.RuleFactory _compilePatterns
WARNING: REMOVING BeginEndRule{id=79,name=source.java.embedded.xml} ENTIRELY DUE TO EMPTY PATTERNS THAT ARE MISSING
